{"C:\\Users\\matia\\OneDrive\\Escritorio\\Para trabajar\\prueba-fullstack\\src\\context\\AuthContext.jsx": {"path":"C:\\Users\\matia\\OneDrive\\Escritorio\\Para trabajar\\prueba-fullstack\\src\\context\\AuthContext.jsx","statementMap":{"0":{"start":{"line":3,"column":6},"end":{"line":3,"column":null}},"1":{"start":{"line":4,"column":23},"end":{"line":4,"column":null}},"2":{"start":{"line":6,"column":28},"end":{"line":49,"column":null}},"3":{"start":{"line":7,"column":24},"end":{"line":10,"column":null}},"4":{"start":{"line":8,"column":22},"end":{"line":8,"column":null}},"5":{"start":{"line":9,"column":8},"end":{"line":9,"column":null}},"6":{"start":{"line":12,"column":4},"end":{"line":18,"column":null}},"7":{"start":{"line":13,"column":8},"end":{"line":17,"column":null}},"8":{"start":{"line":14,"column":12},"end":{"line":14,"column":null}},"9":{"start":{"line":16,"column":12},"end":{"line":16,"column":null}},"10":{"start":{"line":20,"column":25},"end":{"line":26,"column":null}},"11":{"start":{"line":21,"column":25},"end":{"line":24,"column":null}},"12":{"start":{"line":25,"column":8},"end":{"line":25,"column":null}},"13":{"start":{"line":28,"column":19},"end":{"line":30,"column":null}},"14":{"start":{"line":29,"column":8},"end":{"line":29,"column":null}},"15":{"start":{"line":32,"column":23},"end":{"line":37,"column":null}},"16":{"start":{"line":33,"column":8},"end":{"line":36,"column":null}},"17":{"start":{"line":33,"column":29},"end":{"line":36,"column":10}},"18":{"start":{"line":39,"column":4},"end":{"line":47,"column":null}}},"fnMap":{"0":{"name":"(anonymous_0)","decl":{"start":{"line":4,"column":23},"end":{"line":4,"column":29}},"loc":{"start":{"line":4,"column":23},"end":{"line":4,"column":null}},"line":4},"1":{"name":"(anonymous_1)","decl":{"start":{"line":6,"column":28},"end":{"line":6,"column":29}},"loc":{"start":{"line":6,"column":46},"end":{"line":49,"column":null}},"line":6},"2":{"name":"(anonymous_2)","decl":{"start":{"line":7,"column":37},"end":{"line":7,"column":43}},"loc":{"start":{"line":7,"column":43},"end":{"line":10,"column":5}},"line":7},"3":{"name":"(anonymous_3)","decl":{"start":{"line":12,"column":14},"end":{"line":12,"column":20}},"loc":{"start":{"line":12,"column":20},"end":{"line":18,"column":7}},"line":12},"4":{"name":"(anonymous_4)","decl":{"start":{"line":20,"column":25},"end":{"line":20,"column":26}},"loc":{"start":{"line":20,"column":42},"end":{"line":26,"column":null}},"line":20},"5":{"name":"(anonymous_5)","decl":{"start":{"line":28,"column":19},"end":{"line":28,"column":25}},"loc":{"start":{"line":28,"column":25},"end":{"line":30,"column":null}},"line":28},"6":{"name":"(anonymous_6)","decl":{"start":{"line":32,"column":23},"end":{"line":32,"column":24}},"loc":{"start":{"line":32,"column":40},"end":{"line":37,"column":null}},"line":32},"7":{"name":"(anonymous_7)","decl":{"start":{"line":33,"column":16},"end":{"line":33,"column":29}},"loc":{"start":{"line":33,"column":29},"end":{"line":36,"column":10}},"line":33}},"branchMap":{"0":{"loc":{"start":{"line":9,"column":15},"end":{"line":9,"column":null}},"type":"cond-expr","locations":[{"start":{"line":9,"column":23},"end":{"line":9,"column":43}},{"start":{"line":9,"column":43},"end":{"line":9,"column":null}}],"line":9},"1":{"loc":{"start":{"line":13,"column":8},"end":{"line":17,"column":null}},"type":"if","locations":[{"start":{"line":13,"column":8},"end":{"line":17,"column":null}},{"start":{"line":15,"column":15},"end":{"line":17,"column":null}}],"line":13}},"s":{"0":2,"1":0,"2":2,"3":0,"4":0,"5":0,"6":0,"7":0,"8":0,"9":0,"10":0,"11":0,"12":0,"13":0,"14":0,"15":0,"16":0,"17":0,"18":0},"f":{"0":0,"1":0,"2":0,"3":0,"4":0,"5":0,"6":0,"7":0},"b":{"0":[0,0],"1":[0,0]},"meta":{"lastBranch":2,"lastFunction":8,"lastStatement":19,"seen":{"s:3:6:3:Infinity":0,"s:4:23:4:Infinity":1,"f:4:23:4:29":0,"s:6:28:49:Infinity":2,"f:6:28:6:29":1,"s:7:24:10:Infinity":3,"f:7:37:7:43":2,"s:8:22:8:Infinity":4,"s:9:8:9:Infinity":5,"b:9:23:9:43:9:43:9:Infinity":0,"s:12:4:18:Infinity":6,"f:12:14:12:20":3,"b:13:8:17:Infinity:15:15:17:Infinity":1,"s:13:8:17:Infinity":7,"s:14:12:14:Infinity":8,"s:16:12:16:Infinity":9,"s:20:25:26:Infinity":10,"f:20:25:20:26":4,"s:21:25:24:Infinity":11,"s:25:8:25:Infinity":12,"s:28:19:30:Infinity":13,"f:28:19:28:25":5,"s:29:8:29:Infinity":14,"s:32:23:37:Infinity":15,"f:32:23:32:24":6,"s:33:8:36:Infinity":16,"f:33:16:33:29":7,"s:33:29:36:10":17,"s:39:4:47:Infinity":18}}}
,"C:\\Users\\matia\\OneDrive\\Escritorio\\Para trabajar\\prueba-fullstack\\src\\pages\\AdminPanel.jsx": {"path":"C:\\Users\\matia\\OneDrive\\Escritorio\\Para trabajar\\prueba-fullstack\\src\\pages\\AdminPanel.jsx","statementMap":{"0":{"start":{"line":17,"column":19},"end":{"line":405,"column":null}},"1":{"start":{"line":18,"column":25},"end":{"line":18,"column":null}},"2":{"start":{"line":19,"column":10},"end":{"line":19,"column":null}},"3":{"start":{"line":21,"column":34},"end":{"line":21,"column":null}},"4":{"start":{"line":22,"column":40},"end":{"line":22,"column":null}},"5":{"start":{"line":23,"column":50},"end":{"line":23,"column":null}},"6":{"start":{"line":24,"column":34},"end":{"line":24,"column":null}},"7":{"start":{"line":26,"column":34},"end":{"line":26,"column":null}},"8":{"start":{"line":27,"column":32},"end":{"line":27,"column":null}},"9":{"start":{"line":28,"column":28},"end":{"line":28,"column":null}},"10":{"start":{"line":29,"column":26},"end":{"line":29,"column":null}},"11":{"start":{"line":31,"column":40},"end":{"line":33,"column":null}},"12":{"start":{"line":34,"column":34},"end":{"line":34,"column":null}},"13":{"start":{"line":36,"column":20},"end":{"line":44,"column":null}},"14":{"start":{"line":46,"column":22},"end":{"line":58,"column":null}},"15":{"start":{"line":47,"column":21},"end":{"line":47,"column":null}},"16":{"start":{"line":48,"column":25},"end":{"line":48,"column":null}},"17":{"start":{"line":50,"column":8},"end":{"line":50,"column":null}},"18":{"start":{"line":50,"column":19},"end":{"line":50,"column":null}},"19":{"start":{"line":51,"column":8},"end":{"line":51,"column":null}},"20":{"start":{"line":51,"column":37},"end":{"line":51,"column":null}},"21":{"start":{"line":53,"column":8},"end":{"line":55,"column":null}},"22":{"start":{"line":54,"column":13},"end":{"line":54,"column":null}},"23":{"start":{"line":57,"column":8},"end":{"line":57,"column":null}},"24":{"start":{"line":60,"column":4},"end":{"line":63,"column":null}},"25":{"start":{"line":61,"column":8},"end":{"line":62,"column":null}},"26":{"start":{"line":61,"column":44},"end":{"line":61,"column":null}},"27":{"start":{"line":62,"column":13},"end":{"line":62,"column":null}},"28":{"start":{"line":65,"column":21},"end":{"line":80,"column":null}},"29":{"start":{"line":66,"column":8},"end":{"line":79,"column":null}},"30":{"start":{"line":67,"column":53},"end":{"line":72,"column":null}},"31":{"start":{"line":73,"column":12},"end":{"line":73,"column":null}},"32":{"start":{"line":74,"column":12},"end":{"line":74,"column":null}},"33":{"start":{"line":75,"column":12},"end":{"line":75,"column":null}},"34":{"start":{"line":75,"column":43},"end":{"line":75,"column":54}},"35":{"start":{"line":76,"column":12},"end":{"line":76,"column":null}},"36":{"start":{"line":78,"column":12},"end":{"line":78,"column":null}},"37":{"start":{"line":82,"column":20},"end":{"line":85,"column":null}},"38":{"start":{"line":83,"column":8},"end":{"line":83,"column":null}},"39":{"start":{"line":84,"column":8},"end":{"line":84,"column":null}},"40":{"start":{"line":84,"column":25},"end":{"line":84,"column":48}},"41":{"start":{"line":87,"column":29},"end":{"line":91,"column":null}},"42":{"start":{"line":88,"column":25},"end":{"line":88,"column":null}},"43":{"start":{"line":89,"column":8},"end":{"line":89,"column":null}},"44":{"start":{"line":90,"column":8},"end":{"line":90,"column":null}},"45":{"start":{"line":92,"column":25},"end":{"line":92,"column":null}},"46":{"start":{"line":92,"column":31},"end":{"line":92,"column":null}},"47":{"start":{"line":93,"column":28},"end":{"line":93,"column":null}},"48":{"start":{"line":93,"column":39},"end":{"line":93,"column":null}},"49":{"start":{"line":93,"column":79},"end":{"line":93,"column":90}},"50":{"start":{"line":95,"column":30},"end":{"line":117,"column":null}},"51":{"start":{"line":96,"column":25},"end":{"line":96,"column":null}},"52":{"start":{"line":97,"column":8},"end":{"line":102,"column":null}},"53":{"start":{"line":98,"column":12},"end":{"line":101,"column":null}},"54":{"start":{"line":99,"column":31},"end":{"line":99,"column":null}},"55":{"start":{"line":100,"column":16},"end":{"line":100,"column":null}},"56":{"start":{"line":100,"column":61},"end":{"line":100,"column":89}},"57":{"start":{"line":104,"column":8},"end":{"line":112,"column":null}},"58":{"start":{"line":113,"column":8},"end":{"line":113,"column":null}},"59":{"start":{"line":114,"column":8},"end":{"line":114,"column":null}},"60":{"start":{"line":115,"column":8},"end":{"line":115,"column":null}},"61":{"start":{"line":116,"column":8},"end":{"line":116,"column":null}},"62":{"start":{"line":119,"column":34},"end":{"line":123,"column":null}},"63":{"start":{"line":120,"column":8},"end":{"line":120,"column":null}},"64":{"start":{"line":121,"column":8},"end":{"line":121,"column":null}},"65":{"start":{"line":122,"column":8},"end":{"line":122,"column":null}},"66":{"start":{"line":125,"column":36},"end":{"line":127,"column":null}},"67":{"start":{"line":126,"column":8},"end":{"line":126,"column":null}},"68":{"start":{"line":129,"column":33},"end":{"line":159,"column":null}},"69":{"start":{"line":130,"column":8},"end":{"line":130,"column":null}},"70":{"start":{"line":131,"column":8},"end":{"line":158,"column":null}},"71":{"start":{"line":132,"column":23},"end":{"line":132,"column":null}},"72":{"start":{"line":133,"column":12},"end":{"line":133,"column":null}},"73":{"start":{"line":134,"column":12},"end":{"line":134,"column":null}},"74":{"start":{"line":135,"column":12},"end":{"line":135,"column":null}},"75":{"start":{"line":136,"column":12},"end":{"line":136,"column":null}},"76":{"start":{"line":137,"column":12},"end":{"line":137,"column":null}},"77":{"start":{"line":138,"column":12},"end":{"line":138,"column":null}},"78":{"start":{"line":138,"column":38},"end":{"line":138,"column":null}},"79":{"start":{"line":140,"column":32},"end":{"line":140,"column":null}},"80":{"start":{"line":141,"column":12},"end":{"line":143,"column":null}},"81":{"start":{"line":142,"column":16},"end":{"line":142,"column":null}},"82":{"start":{"line":142,"column":58},"end":{"line":142,"column":null}},"83":{"start":{"line":144,"column":12},"end":{"line":144,"column":null}},"84":{"start":{"line":146,"column":12},"end":{"line":152,"column":null}},"85":{"start":{"line":147,"column":16},"end":{"line":147,"column":null}},"86":{"start":{"line":148,"column":16},"end":{"line":148,"column":null}},"87":{"start":{"line":150,"column":16},"end":{"line":150,"column":null}},"88":{"start":{"line":151,"column":16},"end":{"line":151,"column":null}},"89":{"start":{"line":154,"column":12},"end":{"line":154,"column":null}},"90":{"start":{"line":155,"column":12},"end":{"line":155,"column":null}},"91":{"start":{"line":157,"column":12},"end":{"line":157,"column":null}},"92":{"start":{"line":161,"column":27},"end":{"line":171,"column":null}},"93":{"start":{"line":162,"column":8},"end":{"line":170,"column":null}},"94":{"start":{"line":163,"column":12},"end":{"line":169,"column":null}},"95":{"start":{"line":164,"column":16},"end":{"line":164,"column":null}},"96":{"start":{"line":165,"column":16},"end":{"line":165,"column":null}},"97":{"start":{"line":166,"column":16},"end":{"line":166,"column":null}},"98":{"start":{"line":168,"column":16},"end":{"line":168,"column":null}},"99":{"start":{"line":173,"column":4},"end":{"line":173,"column":null}},"100":{"start":{"line":173,"column":40},"end":{"line":173,"column":null}},"101":{"start":{"line":175,"column":4},"end":{"line":403,"column":null}},"102":{"start":{"line":182,"column":43},"end":{"line":182,"column":70}},"103":{"start":{"line":183,"column":43},"end":{"line":183,"column":67}},"104":{"start":{"line":184,"column":43},"end":{"line":184,"column":70}},"105":{"start":{"line":185,"column":43},"end":{"line":185,"column":69}},"106":{"start":{"line":224,"column":36},"end":{"line":234,"column":null}},"107":{"start":{"line":230,"column":137},"end":{"line":230,"column":162}},"108":{"start":{"line":255,"column":119},"end":{"line":255,"column":179}},"109":{"start":{"line":256,"column":121},"end":{"line":256,"column":181}},"110":{"start":{"line":259,"column":90},"end":{"line":259,"column":153}},"111":{"start":{"line":267,"column":119},"end":{"line":267,"column":178}},"112":{"start":{"line":287,"column":40},"end":{"line":291,"column":null}},"113":{"start":{"line":288,"column":110},"end":{"line":288,"column":154}},"114":{"start":{"line":289,"column":113},"end":{"line":289,"column":159}},"115":{"start":{"line":290,"column":81},"end":{"line":290,"column":101}},"116":{"start":{"line":297,"column":87},"end":{"line":297,"column":151}},"117":{"start":{"line":318,"column":36},"end":{"line":342,"column":null}},"118":{"start":{"line":323,"column":62},"end":{"line":323,"column":null}},"119":{"start":{"line":339,"column":67},"end":{"line":339,"column":89}},"120":{"start":{"line":340,"column":67},"end":{"line":340,"column":89}},"121":{"start":{"line":356,"column":36},"end":{"line":361,"column":null}},"122":{"start":{"line":371,"column":62},"end":{"line":371,"column":null}},"123":{"start":{"line":372,"column":65},"end":{"line":372,"column":null}},"124":{"start":{"line":373,"column":75},"end":{"line":373,"column":103}},"125":{"start":{"line":385,"column":32},"end":{"line":394,"column":null}},"126":{"start":{"line":386,"column":111},"end":{"line":386,"column":141}}},"fnMap":{"0":{"name":"(anonymous_0)","decl":{"start":{"line":17,"column":19},"end":{"line":17,"column":25}},"loc":{"start":{"line":17,"column":25},"end":{"line":405,"column":null}},"line":17},"1":{"name":"(anonymous_1)","decl":{"start":{"line":46,"column":22},"end":{"line":46,"column":23}},"loc":{"start":{"line":46,"column":32},"end":{"line":58,"column":null}},"line":46},"2":{"name":"(anonymous_2)","decl":{"start":{"line":60,"column":14},"end":{"line":60,"column":20}},"loc":{"start":{"line":60,"column":20},"end":{"line":63,"column":7}},"line":60},"3":{"name":"(anonymous_3)","decl":{"start":{"line":65,"column":21},"end":{"line":65,"column":33}},"loc":{"start":{"line":65,"column":33},"end":{"line":80,"column":null}},"line":65},"4":{"name":"(anonymous_4)","decl":{"start":{"line":75,"column":33},"end":{"line":75,"column":34}},"loc":{"start":{"line":75,"column":43},"end":{"line":75,"column":54}},"line":75},"5":{"name":"(anonymous_5)","decl":{"start":{"line":82,"column":20},"end":{"line":82,"column":21}},"loc":{"start":{"line":82,"column":48},"end":{"line":85,"column":null}},"line":82},"6":{"name":"(anonymous_6)","decl":{"start":{"line":84,"column":19},"end":{"line":84,"column":25}},"loc":{"start":{"line":84,"column":25},"end":{"line":84,"column":48}},"line":84},"7":{"name":"(anonymous_7)","decl":{"start":{"line":87,"column":29},"end":{"line":87,"column":30}},"loc":{"start":{"line":87,"column":54},"end":{"line":91,"column":null}},"line":87},"8":{"name":"(anonymous_8)","decl":{"start":{"line":92,"column":25},"end":{"line":92,"column":31}},"loc":{"start":{"line":92,"column":31},"end":{"line":92,"column":null}},"line":92},"9":{"name":"(anonymous_9)","decl":{"start":{"line":93,"column":28},"end":{"line":93,"column":29}},"loc":{"start":{"line":93,"column":39},"end":{"line":93,"column":null}},"line":93},"10":{"name":"(anonymous_10)","decl":{"start":{"line":93,"column":69},"end":{"line":93,"column":70}},"loc":{"start":{"line":93,"column":79},"end":{"line":93,"column":90}},"line":93},"11":{"name":"(anonymous_11)","decl":{"start":{"line":95,"column":30},"end":{"line":95,"column":31}},"loc":{"start":{"line":95,"column":40},"end":{"line":117,"column":null}},"line":95},"12":{"name":"(anonymous_12)","decl":{"start":{"line":100,"column":53},"end":{"line":100,"column":61}},"loc":{"start":{"line":100,"column":61},"end":{"line":100,"column":89}},"line":100},"13":{"name":"(anonymous_13)","decl":{"start":{"line":119,"column":34},"end":{"line":119,"column":40}},"loc":{"start":{"line":119,"column":40},"end":{"line":123,"column":null}},"line":119},"14":{"name":"(anonymous_14)","decl":{"start":{"line":125,"column":36},"end":{"line":125,"column":37}},"loc":{"start":{"line":125,"column":47},"end":{"line":127,"column":null}},"line":125},"15":{"name":"(anonymous_15)","decl":{"start":{"line":129,"column":33},"end":{"line":129,"column":40}},"loc":{"start":{"line":129,"column":46},"end":{"line":159,"column":null}},"line":129},"16":{"name":"(anonymous_16)","decl":{"start":{"line":141,"column":30},"end":{"line":141,"column":38}},"loc":{"start":{"line":141,"column":38},"end":{"line":143,"column":13}},"line":141},"17":{"name":"(anonymous_17)","decl":{"start":{"line":161,"column":27},"end":{"line":161,"column":34}},"loc":{"start":{"line":161,"column":41},"end":{"line":171,"column":null}},"line":161},"18":{"name":"(anonymous_18)","decl":{"start":{"line":182,"column":37},"end":{"line":182,"column":43}},"loc":{"start":{"line":182,"column":43},"end":{"line":182,"column":70}},"line":182},"19":{"name":"(anonymous_19)","decl":{"start":{"line":183,"column":37},"end":{"line":183,"column":43}},"loc":{"start":{"line":183,"column":43},"end":{"line":183,"column":67}},"line":183},"20":{"name":"(anonymous_20)","decl":{"start":{"line":184,"column":37},"end":{"line":184,"column":43}},"loc":{"start":{"line":184,"column":43},"end":{"line":184,"column":70}},"line":184},"21":{"name":"(anonymous_21)","decl":{"start":{"line":185,"column":37},"end":{"line":185,"column":43}},"loc":{"start":{"line":185,"column":43},"end":{"line":185,"column":69}},"line":185},"22":{"name":"(anonymous_22)","decl":{"start":{"line":223,"column":44},"end":{"line":223,"column":null}},"loc":{"start":{"line":224,"column":36},"end":{"line":234,"column":null}},"line":224},"23":{"name":"(anonymous_23)","decl":{"start":{"line":230,"column":131},"end":{"line":230,"column":137}},"loc":{"start":{"line":230,"column":137},"end":{"line":230,"column":162}},"line":230},"24":{"name":"(anonymous_24)","decl":{"start":{"line":255,"column":114},"end":{"line":255,"column":119}},"loc":{"start":{"line":255,"column":119},"end":{"line":255,"column":179}},"line":255},"25":{"name":"(anonymous_25)","decl":{"start":{"line":256,"column":116},"end":{"line":256,"column":121}},"loc":{"start":{"line":256,"column":121},"end":{"line":256,"column":181}},"line":256},"26":{"name":"(anonymous_26)","decl":{"start":{"line":259,"column":85},"end":{"line":259,"column":90}},"loc":{"start":{"line":259,"column":90},"end":{"line":259,"column":153}},"line":259},"27":{"name":"(anonymous_27)","decl":{"start":{"line":267,"column":114},"end":{"line":267,"column":119}},"loc":{"start":{"line":267,"column":119},"end":{"line":267,"column":178}},"line":267},"28":{"name":"(anonymous_28)","decl":{"start":{"line":286,"column":51},"end":{"line":286,"column":52}},"loc":{"start":{"line":287,"column":40},"end":{"line":291,"column":null}},"line":287},"29":{"name":"(anonymous_29)","decl":{"start":{"line":288,"column":105},"end":{"line":288,"column":110}},"loc":{"start":{"line":288,"column":110},"end":{"line":288,"column":154}},"line":288},"30":{"name":"(anonymous_30)","decl":{"start":{"line":289,"column":108},"end":{"line":289,"column":113}},"loc":{"start":{"line":289,"column":113},"end":{"line":289,"column":159}},"line":289},"31":{"name":"(anonymous_31)","decl":{"start":{"line":290,"column":75},"end":{"line":290,"column":81}},"loc":{"start":{"line":290,"column":81},"end":{"line":290,"column":101}},"line":290},"32":{"name":"(anonymous_32)","decl":{"start":{"line":297,"column":82},"end":{"line":297,"column":87}},"loc":{"start":{"line":297,"column":87},"end":{"line":297,"column":151}},"line":297},"33":{"name":"(anonymous_33)","decl":{"start":{"line":317,"column":47},"end":{"line":317,"column":null}},"loc":{"start":{"line":318,"column":36},"end":{"line":342,"column":null}},"line":318},"34":{"name":"(anonymous_34)","decl":{"start":{"line":323,"column":57},"end":{"line":323,"column":62}},"loc":{"start":{"line":323,"column":62},"end":{"line":323,"column":null}},"line":323},"35":{"name":"(anonymous_35)","decl":{"start":{"line":339,"column":61},"end":{"line":339,"column":67}},"loc":{"start":{"line":339,"column":67},"end":{"line":339,"column":89}},"line":339},"36":{"name":"(anonymous_36)","decl":{"start":{"line":340,"column":61},"end":{"line":340,"column":67}},"loc":{"start":{"line":340,"column":67},"end":{"line":340,"column":89}},"line":340},"37":{"name":"(anonymous_37)","decl":{"start":{"line":355,"column":46},"end":{"line":355,"column":null}},"loc":{"start":{"line":356,"column":36},"end":{"line":361,"column":null}},"line":356},"38":{"name":"(anonymous_38)","decl":{"start":{"line":371,"column":56},"end":{"line":371,"column":62}},"loc":{"start":{"line":371,"column":62},"end":{"line":371,"column":null}},"line":371},"39":{"name":"(anonymous_39)","decl":{"start":{"line":372,"column":60},"end":{"line":372,"column":65}},"loc":{"start":{"line":372,"column":65},"end":{"line":372,"column":null}},"line":372},"40":{"name":"(anonymous_40)","decl":{"start":{"line":373,"column":69},"end":{"line":373,"column":75}},"loc":{"start":{"line":373,"column":75},"end":{"line":373,"column":103}},"line":373},"41":{"name":"(anonymous_41)","decl":{"start":{"line":384,"column":61},"end":{"line":384,"column":null}},"loc":{"start":{"line":385,"column":32},"end":{"line":394,"column":null}},"line":385},"42":{"name":"(anonymous_42)","decl":{"start":{"line":386,"column":106},"end":{"line":386,"column":111}},"loc":{"start":{"line":386,"column":111},"end":{"line":386,"column":141}},"line":386}},"branchMap":{"0":{"loc":{"start":{"line":50,"column":8},"end":{"line":50,"column":null}},"type":"if","locations":[{"start":{"line":50,"column":8},"end":{"line":50,"column":null}},{"start":{},"end":{}}],"line":50},"1":{"loc":{"start":{"line":51,"column":8},"end":{"line":51,"column":null}},"type":"if","locations":[{"start":{"line":51,"column":8},"end":{"line":51,"column":null}},{"start":{},"end":{}}],"line":51},"2":{"loc":{"start":{"line":53,"column":8},"end":{"line":55,"column":null}},"type":"if","locations":[{"start":{"line":53,"column":8},"end":{"line":55,"column":null}},{"start":{},"end":{}}],"line":53},"3":{"loc":{"start":{"line":61,"column":8},"end":{"line":62,"column":null}},"type":"if","locations":[{"start":{"line":61,"column":8},"end":{"line":62,"column":null}},{"start":{"line":62,"column":13},"end":{"line":62,"column":null}}],"line":61},"4":{"loc":{"start":{"line":61,"column":12},"end":{"line":61,"column":44}},"type":"binary-expr","locations":[{"start":{"line":61,"column":12},"end":{"line":61,"column":21}},{"start":{"line":61,"column":21},"end":{"line":61,"column":44}}],"line":61},"5":{"loc":{"start":{"line":82,"column":27},"end":{"line":82,"column":48}},"type":"default-arg","locations":[{"start":{"line":82,"column":34},"end":{"line":82,"column":48}}],"line":82},"6":{"loc":{"start":{"line":97,"column":8},"end":{"line":102,"column":null}},"type":"if","locations":[{"start":{"line":97,"column":8},"end":{"line":102,"column":null}},{"start":{},"end":{}}],"line":97},"7":{"loc":{"start":{"line":109,"column":19},"end":{"line":109,"column":null}},"type":"binary-expr","locations":[{"start":{"line":109,"column":19},"end":{"line":109,"column":33}},{"start":{"line":109,"column":33},"end":{"line":109,"column":null}}],"line":109},"8":{"loc":{"start":{"line":110,"column":25},"end":{"line":110,"column":null}},"type":"binary-expr","locations":[{"start":{"line":110,"column":25},"end":{"line":110,"column":45}},{"start":{"line":110,"column":45},"end":{"line":110,"column":null}}],"line":110},"9":{"loc":{"start":{"line":138,"column":12},"end":{"line":138,"column":null}},"type":"if","locations":[{"start":{"line":138,"column":12},"end":{"line":138,"column":null}},{"start":{},"end":{}}],"line":138},"10":{"loc":{"start":{"line":142,"column":16},"end":{"line":142,"column":null}},"type":"if","locations":[{"start":{"line":142,"column":16},"end":{"line":142,"column":null}},{"start":{},"end":{}}],"line":142},"11":{"loc":{"start":{"line":142,"column":20},"end":{"line":142,"column":58}},"type":"binary-expr","locations":[{"start":{"line":142,"column":20},"end":{"line":142,"column":39}},{"start":{"line":142,"column":39},"end":{"line":142,"column":58}}],"line":142},"12":{"loc":{"start":{"line":146,"column":12},"end":{"line":152,"column":null}},"type":"if","locations":[{"start":{"line":146,"column":12},"end":{"line":152,"column":null}},{"start":{"line":149,"column":19},"end":{"line":152,"column":null}}],"line":146},"13":{"loc":{"start":{"line":162,"column":8},"end":{"line":170,"column":null}},"type":"if","locations":[{"start":{"line":162,"column":8},"end":{"line":170,"column":null}},{"start":{},"end":{}}],"line":162},"14":{"loc":{"start":{"line":173,"column":4},"end":{"line":173,"column":null}},"type":"if","locations":[{"start":{"line":173,"column":4},"end":{"line":173,"column":null}},{"start":{},"end":{}}],"line":173},"15":{"loc":{"start":{"line":173,"column":8},"end":{"line":173,"column":40}},"type":"binary-expr","locations":[{"start":{"line":173,"column":8},"end":{"line":173,"column":17}},{"start":{"line":173,"column":17},"end":{"line":173,"column":40}}],"line":173},"16":{"loc":{"start":{"line":182,"column":81},"end":{"line":182,"column":124}},"type":"cond-expr","locations":[{"start":{"line":182,"column":109},"end":{"line":182,"column":120}},{"start":{"line":182,"column":120},"end":{"line":182,"column":124}}],"line":182},"17":{"loc":{"start":{"line":183,"column":78},"end":{"line":183,"column":118}},"type":"cond-expr","locations":[{"start":{"line":183,"column":103},"end":{"line":183,"column":114}},{"start":{"line":183,"column":114},"end":{"line":183,"column":118}}],"line":183},"18":{"loc":{"start":{"line":184,"column":81},"end":{"line":184,"column":124}},"type":"cond-expr","locations":[{"start":{"line":184,"column":109},"end":{"line":184,"column":120}},{"start":{"line":184,"column":120},"end":{"line":184,"column":124}}],"line":184},"19":{"loc":{"start":{"line":185,"column":80},"end":{"line":185,"column":122}},"type":"cond-expr","locations":[{"start":{"line":185,"column":107},"end":{"line":185,"column":118}},{"start":{"line":185,"column":118},"end":{"line":185,"column":122}}],"line":185},"20":{"loc":{"start":{"line":192,"column":17},"end":{"line":195,"column":null}},"type":"binary-expr","locations":[{"start":{"line":192,"column":17},"end":{"line":192,"column":null}},{"start":{"line":193,"column":20},"end":{"line":195,"column":null}}],"line":192},"21":{"loc":{"start":{"line":193,"column":56},"end":{"line":193,"column":123}},"type":"cond-expr","locations":[{"start":{"line":193,"column":90},"end":{"line":193,"column":109}},{"start":{"line":193,"column":109},"end":{"line":193,"column":123}}],"line":193},"22":{"loc":{"start":{"line":198,"column":17},"end":{"line":206,"column":null}},"type":"binary-expr","locations":[{"start":{"line":198,"column":17},"end":{"line":198,"column":null}},{"start":{"line":199,"column":20},"end":{"line":206,"column":null}}],"line":198},"23":{"loc":{"start":{"line":209,"column":17},"end":{"line":238,"column":null}},"type":"binary-expr","locations":[{"start":{"line":209,"column":17},"end":{"line":209,"column":null}},{"start":{"line":210,"column":20},"end":{"line":238,"column":null}}],"line":209},"24":{"loc":{"start":{"line":241,"column":17},"end":{"line":346,"column":null}},"type":"binary-expr","locations":[{"start":{"line":241,"column":17},"end":{"line":241,"column":null}},{"start":{"line":242,"column":20},"end":{"line":346,"column":null}}],"line":241},"25":{"loc":{"start":{"line":245,"column":29},"end":{"line":245,"column":null}},"type":"binary-expr","locations":[{"start":{"line":245,"column":29},"end":{"line":245,"column":42}},{"start":{"line":245,"column":42},"end":{"line":245,"column":null}}],"line":245},"26":{"loc":{"start":{"line":248,"column":74},"end":{"line":248,"column":123}},"type":"cond-expr","locations":[{"start":{"line":248,"column":86},"end":{"line":248,"column":107}},{"start":{"line":248,"column":107},"end":{"line":248,"column":123}}],"line":248},"27":{"loc":{"start":{"line":249,"column":47},"end":{"line":249,"column":80}},"type":"cond-expr","locations":[{"start":{"line":249,"column":59},"end":{"line":249,"column":71}},{"start":{"line":249,"column":71},"end":{"line":249,"column":80}}],"line":249},"28":{"loc":{"start":{"line":250,"column":33},"end":{"line":250,"column":null}},"type":"cond-expr","locations":[{"start":{"line":250,"column":45},"end":{"line":250,"column":70}},{"start":{"line":250,"column":70},"end":{"line":250,"column":null}}],"line":250},"29":{"loc":{"start":{"line":299,"column":110},"end":{"line":299,"column":143}},"type":"cond-expr","locations":[{"start":{"line":299,"column":122},"end":{"line":299,"column":134}},{"start":{"line":299,"column":134},"end":{"line":299,"column":143}}],"line":299},"30":{"loc":{"start":{"line":300,"column":37},"end":{"line":300,"column":null}},"type":"cond-expr","locations":[{"start":{"line":300,"column":49},"end":{"line":300,"column":69}},{"start":{"line":300,"column":69},"end":{"line":300,"column":null}}],"line":300},"31":{"loc":{"start":{"line":329,"column":93},"end":{"line":329,"column":124}},"type":"cond-expr","locations":[{"start":{"line":329,"column":103},"end":{"line":329,"column":113}},{"start":{"line":329,"column":113},"end":{"line":329,"column":124}}],"line":329},"32":{"loc":{"start":{"line":329,"column":130},"end":{"line":329,"column":159}},"type":"cond-expr","locations":[{"start":{"line":329,"column":140},"end":{"line":329,"column":150}},{"start":{"line":329,"column":150},"end":{"line":329,"column":159}}],"line":329},"33":{"loc":{"start":{"line":335,"column":50},"end":{"line":335,"column":80}},"type":"binary-expr","locations":[{"start":{"line":335,"column":50},"end":{"line":335,"column":70}},{"start":{"line":335,"column":70},"end":{"line":335,"column":80}}],"line":335},"34":{"loc":{"start":{"line":336,"column":78},"end":{"line":336,"column":155}},"type":"cond-expr","locations":[{"start":{"line":336,"column":99},"end":{"line":336,"column":151}},{"start":{"line":336,"column":151},"end":{"line":336,"column":155}}],"line":336},"35":{"loc":{"start":{"line":349,"column":17},"end":{"line":365,"column":null}},"type":"binary-expr","locations":[{"start":{"line":349,"column":17},"end":{"line":349,"column":null}},{"start":{"line":350,"column":20},"end":{"line":365,"column":null}}],"line":349},"36":{"loc":{"start":{"line":360,"column":93},"end":{"line":360,"column":131}},"type":"cond-expr","locations":[{"start":{"line":360,"column":110},"end":{"line":360,"column":120}},{"start":{"line":360,"column":120},"end":{"line":360,"column":131}}],"line":360},"37":{"loc":{"start":{"line":360,"column":138},"end":{"line":360,"column":174}},"type":"cond-expr","locations":[{"start":{"line":360,"column":155},"end":{"line":360,"column":165}},{"start":{"line":360,"column":165},"end":{"line":360,"column":174}}],"line":360},"38":{"loc":{"start":{"line":370,"column":13},"end":{"line":401,"column":null}},"type":"binary-expr","locations":[{"start":{"line":370,"column":13},"end":{"line":370,"column":null}},{"start":{"line":371,"column":16},"end":{"line":401,"column":null}}],"line":370}},"s":{"0":1,"1":13,"2":13,"3":13,"4":13,"5":13,"6":13,"7":13,"8":13,"9":13,"10":13,"11":13,"12":13,"13":13,"14":13,"15":14,"16":14,"17":14,"18":2,"19":12,"20":0,"21":12,"22":12,"23":0,"24":13,"25":4,"26":1,"27":3,"28":13,"29":4,"30":4,"31":4,"32":4,"33":4,"34":0,"35":4,"36":0,"37":13,"38":1,"39":1,"40":0,"41":13,"42":0,"43":0,"44":0,"45":13,"46":0,"47":13,"48":0,"49":0,"50":13,"51":0,"52":0,"53":0,"54":0,"55":0,"56":0,"57":0,"58":0,"59":0,"60":0,"61":0,"62":13,"63":1,"64":1,"65":1,"66":13,"67":0,"68":13,"69":1,"70":1,"71":1,"72":1,"73":1,"74":1,"75":1,"76":1,"77":1,"78":0,"79":1,"80":1,"81":1,"82":0,"83":1,"84":1,"85":0,"86":0,"87":1,"88":1,"89":1,"90":1,"91":0,"92":13,"93":0,"94":0,"95":0,"96":0,"97":0,"98":0,"99":13,"100":1,"101":12,"102":0,"103":0,"104":2,"105":0,"106":0,"107":0,"108":1,"109":1,"110":1,"111":1,"112":8,"113":0,"114":0,"115":0,"116":0,"117":2,"118":0,"119":0,"120":0,"121":0,"122":0,"123":0,"124":0,"125":0,"126":0},"f":{"0":13,"1":14,"2":4,"3":4,"4":0,"5":1,"6":0,"7":0,"8":0,"9":0,"10":0,"11":0,"12":0,"13":1,"14":0,"15":1,"16":1,"17":0,"18":0,"19":0,"20":2,"21":0,"22":0,"23":0,"24":1,"25":1,"26":1,"27":1,"28":8,"29":0,"30":0,"31":0,"32":0,"33":2,"34":0,"35":0,"36":0,"37":0,"38":0,"39":0,"40":0,"41":0,"42":0},"b":{"0":[2,12],"1":[0,12],"2":[12,0],"3":[1,3],"4":[4,4],"5":[1],"6":[0,0],"7":[0,0],"8":[0,0],"9":[0,1],"10":[0,1],"11":[1,0],"12":[0,1],"13":[0,0],"14":[1,12],"15":[13,13],"16":[4,8],"17":[0,12],"18":[8,4],"19":[0,12],"20":[13,1],"21":[1,0],"22":[13,4],"23":[13,0],"24":[13,8],"25":[8,0],"26":[0,8],"27":[0,8],"28":[0,8],"29":[0,8],"30":[0,8],"31":[0,2],"32":[0,2],"33":[2,2],"34":[0,2],"35":[13,0],"36":[0,0],"37":[0,0],"38":[13,0]},"meta":{"lastBranch":39,"lastFunction":43,"lastStatement":127,"seen":{"s:17:19:405:Infinity":0,"f:17:19:17:25":0,"s:18:25:18:Infinity":1,"s:19:10:19:Infinity":2,"s:21:34:21:Infinity":3,"s:22:40:22:Infinity":4,"s:23:50:23:Infinity":5,"s:24:34:24:Infinity":6,"s:26:34:26:Infinity":7,"s:27:32:27:Infinity":8,"s:28:28:28:Infinity":9,"s:29:26:29:Infinity":10,"s:31:40:33:Infinity":11,"s:34:34:34:Infinity":12,"s:36:20:44:Infinity":13,"s:46:22:58:Infinity":14,"f:46:22:46:23":1,"s:47:21:47:Infinity":15,"s:48:25:48:Infinity":16,"b:50:8:50:Infinity:undefined:undefined:undefined:undefined":0,"s:50:8:50:Infinity":17,"s:50:19:50:Infinity":18,"b:51:8:51:Infinity:undefined:undefined:undefined:undefined":1,"s:51:8:51:Infinity":19,"s:51:37:51:Infinity":20,"b:53:8:55:Infinity:undefined:undefined:undefined:undefined":2,"s:53:8:55:Infinity":21,"s:54:13:54:Infinity":22,"s:57:8:57:Infinity":23,"s:60:4:63:Infinity":24,"f:60:14:60:20":2,"b:61:8:62:Infinity:62:13:62:Infinity":3,"s:61:8:62:Infinity":25,"b:61:12:61:21:61:21:61:44":4,"s:61:44:61:Infinity":26,"s:62:13:62:Infinity":27,"s:65:21:80:Infinity":28,"f:65:21:65:33":3,"s:66:8:79:Infinity":29,"s:67:53:72:Infinity":30,"s:73:12:73:Infinity":31,"s:74:12:74:Infinity":32,"s:75:12:75:Infinity":33,"f:75:33:75:34":4,"s:75:43:75:54":34,"s:76:12:76:Infinity":35,"s:78:12:78:Infinity":36,"s:82:20:85:Infinity":37,"f:82:20:82:21":5,"b:82:34:82:48":5,"s:83:8:83:Infinity":38,"s:84:8:84:Infinity":39,"f:84:19:84:25":6,"s:84:25:84:48":40,"s:87:29:91:Infinity":41,"f:87:29:87:30":7,"s:88:25:88:Infinity":42,"s:89:8:89:Infinity":43,"s:90:8:90:Infinity":44,"s:92:25:92:Infinity":45,"f:92:25:92:31":8,"s:92:31:92:Infinity":46,"s:93:28:93:Infinity":47,"f:93:28:93:29":9,"s:93:39:93:Infinity":48,"f:93:69:93:70":10,"s:93:79:93:90":49,"s:95:30:117:Infinity":50,"f:95:30:95:31":11,"s:96:25:96:Infinity":51,"b:97:8:102:Infinity:undefined:undefined:undefined:undefined":6,"s:97:8:102:Infinity":52,"s:98:12:101:Infinity":53,"s:99:31:99:Infinity":54,"s:100:16:100:Infinity":55,"f:100:53:100:61":12,"s:100:61:100:89":56,"s:104:8:112:Infinity":57,"b:109:19:109:33:109:33:109:Infinity":7,"b:110:25:110:45:110:45:110:Infinity":8,"s:113:8:113:Infinity":58,"s:114:8:114:Infinity":59,"s:115:8:115:Infinity":60,"s:116:8:116:Infinity":61,"s:119:34:123:Infinity":62,"f:119:34:119:40":13,"s:120:8:120:Infinity":63,"s:121:8:121:Infinity":64,"s:122:8:122:Infinity":65,"s:125:36:127:Infinity":66,"f:125:36:125:37":14,"s:126:8:126:Infinity":67,"s:129:33:159:Infinity":68,"f:129:33:129:40":15,"s:130:8:130:Infinity":69,"s:131:8:158:Infinity":70,"s:132:23:132:Infinity":71,"s:133:12:133:Infinity":72,"s:134:12:134:Infinity":73,"s:135:12:135:Infinity":74,"s:136:12:136:Infinity":75,"s:137:12:137:Infinity":76,"b:138:12:138:Infinity:undefined:undefined:undefined:undefined":9,"s:138:12:138:Infinity":77,"s:138:38:138:Infinity":78,"s:140:32:140:Infinity":79,"s:141:12:143:Infinity":80,"f:141:30:141:38":16,"b:142:16:142:Infinity:undefined:undefined:undefined:undefined":10,"s:142:16:142:Infinity":81,"b:142:20:142:39:142:39:142:58":11,"s:142:58:142:Infinity":82,"s:144:12:144:Infinity":83,"b:146:12:152:Infinity:149:19:152:Infinity":12,"s:146:12:152:Infinity":84,"s:147:16:147:Infinity":85,"s:148:16:148:Infinity":86,"s:150:16:150:Infinity":87,"s:151:16:151:Infinity":88,"s:154:12:154:Infinity":89,"s:155:12:155:Infinity":90,"s:157:12:157:Infinity":91,"s:161:27:171:Infinity":92,"f:161:27:161:34":17,"b:162:8:170:Infinity:undefined:undefined:undefined:undefined":13,"s:162:8:170:Infinity":93,"s:163:12:169:Infinity":94,"s:164:16:164:Infinity":95,"s:165:16:165:Infinity":96,"s:166:16:166:Infinity":97,"s:168:16:168:Infinity":98,"b:173:4:173:Infinity:undefined:undefined:undefined:undefined":14,"s:173:4:173:Infinity":99,"b:173:8:173:17:173:17:173:40":15,"s:173:40:173:Infinity":100,"s:175:4:403:Infinity":101,"f:182:37:182:43":18,"s:182:43:182:70":102,"b:182:109:182:120:182:120:182:124":16,"f:183:37:183:43":19,"s:183:43:183:67":103,"b:183:103:183:114:183:114:183:118":17,"f:184:37:184:43":20,"s:184:43:184:70":104,"b:184:109:184:120:184:120:184:124":18,"f:185:37:185:43":21,"s:185:43:185:69":105,"b:185:107:185:118:185:118:185:122":19,"b:192:17:192:Infinity:193:20:195:Infinity":20,"b:193:90:193:109:193:109:193:123":21,"b:198:17:198:Infinity:199:20:206:Infinity":22,"b:209:17:209:Infinity:210:20:238:Infinity":23,"f:223:44:223:Infinity":22,"s:224:36:234:Infinity":106,"f:230:131:230:137":23,"s:230:137:230:162":107,"b:241:17:241:Infinity:242:20:346:Infinity":24,"b:245:29:245:42:245:42:245:Infinity":25,"b:248:86:248:107:248:107:248:123":26,"b:249:59:249:71:249:71:249:80":27,"b:250:45:250:70:250:70:250:Infinity":28,"f:255:114:255:119":24,"s:255:119:255:179":108,"f:256:116:256:121":25,"s:256:121:256:181":109,"f:259:85:259:90":26,"s:259:90:259:153":110,"f:267:114:267:119":27,"s:267:119:267:178":111,"f:286:51:286:52":28,"s:287:40:291:Infinity":112,"f:288:105:288:110":29,"s:288:110:288:154":113,"f:289:108:289:113":30,"s:289:113:289:159":114,"f:290:75:290:81":31,"s:290:81:290:101":115,"f:297:82:297:87":32,"s:297:87:297:151":116,"b:299:122:299:134:299:134:299:143":29,"b:300:49:300:69:300:69:300:Infinity":30,"f:317:47:317:Infinity":33,"s:318:36:342:Infinity":117,"f:323:57:323:62":34,"s:323:62:323:Infinity":118,"b:329:103:329:113:329:113:329:124":31,"b:329:140:329:150:329:150:329:159":32,"b:335:50:335:70:335:70:335:80":33,"b:336:99:336:151:336:151:336:155":34,"f:339:61:339:67":35,"s:339:67:339:89":119,"f:340:61:340:67":36,"s:340:67:340:89":120,"b:349:17:349:Infinity:350:20:365:Infinity":35,"f:355:46:355:Infinity":37,"s:356:36:361:Infinity":121,"b:360:110:360:120:360:120:360:131":36,"b:360:155:360:165:360:165:360:174":37,"b:370:13:370:Infinity:371:16:401:Infinity":38,"f:371:56:371:62":38,"s:371:62:371:Infinity":122,"f:372:60:372:65":39,"s:372:65:372:Infinity":123,"f:373:69:373:75":40,"s:373:75:373:103":124,"f:384:61:384:Infinity":41,"s:385:32:394:Infinity":125,"f:386:106:386:111":42,"s:386:111:386:141":126}}}
,"C:\\Users\\matia\\OneDrive\\Escritorio\\Para trabajar\\prueba-fullstack\\src\\pages\\Checkout.jsx": {"path":"C:\\Users\\matia\\OneDrive\\Escritorio\\Para trabajar\\prueba-fullstack\\src\\pages\\Checkout.jsx","statementMap":{"0":{"start":{"line":7,"column":34},"end":{"line":72,"column":null}},"1":{"start":{"line":74,"column":17},"end":{"line":240,"column":null}},"2":{"start":{"line":75,"column":29},"end":{"line":75,"column":null}},"3":{"start":{"line":76,"column":88},"end":{"line":76,"column":null}},"4":{"start":{"line":77,"column":10},"end":{"line":77,"column":null}},"5":{"start":{"line":79,"column":36},"end":{"line":79,"column":null}},"6":{"start":{"line":80,"column":32},"end":{"line":80,"column":null}},"7":{"start":{"line":81,"column":52},"end":{"line":81,"column":null}},"8":{"start":{"line":83,"column":42},"end":{"line":89,"column":null}},"9":{"start":{"line":91,"column":4},"end":{"line":98,"column":null}},"10":{"start":{"line":92,"column":8},"end":{"line":97,"column":null}},"11":{"start":{"line":93,"column":39},"end":{"line":93,"column":null}},"12":{"start":{"line":93,"column":68},"end":{"line":93,"column":101}},"13":{"start":{"line":94,"column":12},"end":{"line":96,"column":null}},"14":{"start":{"line":95,"column":16},"end":{"line":95,"column":null}},"15":{"start":{"line":100,"column":27},"end":{"line":100,"column":null}},"16":{"start":{"line":102,"column":24},"end":{"line":106,"column":null}},"17":{"start":{"line":103,"column":8},"end":{"line":103,"column":null}},"18":{"start":{"line":103,"column":22},"end":{"line":103,"column":null}},"19":{"start":{"line":104,"column":8},"end":{"line":104,"column":null}},"20":{"start":{"line":104,"column":73},"end":{"line":104,"column":null}},"21":{"start":{"line":105,"column":8},"end":{"line":105,"column":null}},"22":{"start":{"line":108,"column":30},"end":{"line":111,"column":null}},"23":{"start":{"line":109,"column":8},"end":{"line":110,"column":null}},"24":{"start":{"line":109,"column":51},"end":{"line":109,"column":null}},"25":{"start":{"line":110,"column":13},"end":{"line":110,"column":null}},"26":{"start":{"line":113,"column":30},"end":{"line":116,"column":null}},"27":{"start":{"line":114,"column":8},"end":{"line":114,"column":null}},"28":{"start":{"line":115,"column":8},"end":{"line":115,"column":null}},"29":{"start":{"line":117,"column":31},"end":{"line":135,"column":null}},"30":{"start":{"line":118,"column":28},"end":{"line":118,"column":null}},"31":{"start":{"line":119,"column":8},"end":{"line":123,"column":null}},"32":{"start":{"line":125,"column":8},"end":{"line":134,"column":null}},"33":{"start":{"line":126,"column":39},"end":{"line":126,"column":null}},"34":{"start":{"line":126,"column":68},"end":{"line":126,"column":92}},"35":{"start":{"line":127,"column":12},"end":{"line":131,"column":null}},"36":{"start":{"line":128,"column":16},"end":{"line":128,"column":null}},"37":{"start":{"line":130,"column":16},"end":{"line":130,"column":null}},"38":{"start":{"line":133,"column":12},"end":{"line":133,"column":null}},"39":{"start":{"line":137,"column":26},"end":{"line":143,"column":null}},"40":{"start":{"line":138,"column":8},"end":{"line":142,"column":null}},"41":{"start":{"line":139,"column":26},"end":{"line":139,"column":null}},"42":{"start":{"line":140,"column":12},"end":{"line":140,"column":null}},"43":{"start":{"line":141,"column":12},"end":{"line":141,"column":null}},"44":{"start":{"line":142,"column":26},"end":{"line":142,"column":53}},"45":{"start":{"line":145,"column":4},"end":{"line":145,"column":null}},"46":{"start":{"line":145,"column":15},"end":{"line":145,"column":null}},"47":{"start":{"line":147,"column":4},"end":{"line":147,"column":null}},"48":{"start":{"line":147,"column":27},"end":{"line":147,"column":null}},"49":{"start":{"line":149,"column":4},"end":{"line":207,"column":null}},"50":{"start":{"line":150,"column":8},"end":{"line":205,"column":null}},"51":{"start":{"line":167,"column":40},"end":{"line":169,"column":null}},"52":{"start":{"line":178,"column":49},"end":{"line":178,"column":null}},"53":{"start":{"line":187,"column":40},"end":{"line":189,"column":null}},"54":{"start":{"line":197,"column":159},"end":{"line":197,"column":219}},"55":{"start":{"line":198,"column":175},"end":{"line":198,"column":236}},"56":{"start":{"line":200,"column":171},"end":{"line":200,"column":231}},"57":{"start":{"line":209,"column":4},"end":{"line":238,"column":null}},"58":{"start":{"line":218,"column":47},"end":{"line":218,"column":72}},"59":{"start":{"line":224,"column":24},"end":{"line":226,"column":null}},"60":{"start":{"line":229,"column":63},"end":{"line":229,"column":94}}},"fnMap":{"0":{"name":"(anonymous_0)","decl":{"start":{"line":74,"column":17},"end":{"line":74,"column":23}},"loc":{"start":{"line":74,"column":23},"end":{"line":240,"column":null}},"line":74},"1":{"name":"(anonymous_1)","decl":{"start":{"line":91,"column":14},"end":{"line":91,"column":20}},"loc":{"start":{"line":91,"column":20},"end":{"line":98,"column":7}},"line":91},"2":{"name":"(anonymous_2)","decl":{"start":{"line":93,"column":63},"end":{"line":93,"column":68}},"loc":{"start":{"line":93,"column":68},"end":{"line":93,"column":101}},"line":93},"3":{"name":"(anonymous_3)","decl":{"start":{"line":102,"column":24},"end":{"line":102,"column":25}},"loc":{"start":{"line":102,"column":37},"end":{"line":106,"column":null}},"line":102},"4":{"name":"(anonymous_4)","decl":{"start":{"line":108,"column":30},"end":{"line":108,"column":36}},"loc":{"start":{"line":108,"column":36},"end":{"line":111,"column":null}},"line":108},"5":{"name":"(anonymous_5)","decl":{"start":{"line":113,"column":30},"end":{"line":113,"column":31}},"loc":{"start":{"line":113,"column":37},"end":{"line":116,"column":null}},"line":113},"6":{"name":"(anonymous_6)","decl":{"start":{"line":117,"column":31},"end":{"line":117,"column":32}},"loc":{"start":{"line":117,"column":38},"end":{"line":135,"column":null}},"line":117},"7":{"name":"(anonymous_7)","decl":{"start":{"line":126,"column":63},"end":{"line":126,"column":68}},"loc":{"start":{"line":126,"column":68},"end":{"line":126,"column":92}},"line":126},"8":{"name":"(anonymous_8)","decl":{"start":{"line":137,"column":26},"end":{"line":137,"column":38}},"loc":{"start":{"line":137,"column":38},"end":{"line":143,"column":null}},"line":137},"9":{"name":"(anonymous_9)","decl":{"start":{"line":166,"column":60},"end":{"line":166,"column":61}},"loc":{"start":{"line":167,"column":40},"end":{"line":169,"column":null}},"line":167},"10":{"name":"(anonymous_10)","decl":{"start":{"line":178,"column":46},"end":{"line":178,"column":49}},"loc":{"start":{"line":178,"column":49},"end":{"line":178,"column":null}},"line":178},"11":{"name":"(anonymous_11)","decl":{"start":{"line":186,"column":60},"end":{"line":186,"column":61}},"loc":{"start":{"line":187,"column":40},"end":{"line":189,"column":null}},"line":187},"12":{"name":"(anonymous_12)","decl":{"start":{"line":197,"column":156},"end":{"line":197,"column":159}},"loc":{"start":{"line":197,"column":159},"end":{"line":197,"column":219}},"line":197},"13":{"name":"(anonymous_13)","decl":{"start":{"line":198,"column":172},"end":{"line":198,"column":175}},"loc":{"start":{"line":198,"column":175},"end":{"line":198,"column":236}},"line":198},"14":{"name":"(anonymous_14)","decl":{"start":{"line":200,"column":168},"end":{"line":200,"column":171}},"loc":{"start":{"line":200,"column":171},"end":{"line":200,"column":231}},"line":200},"15":{"name":"(anonymous_15)","decl":{"start":{"line":218,"column":41},"end":{"line":218,"column":47}},"loc":{"start":{"line":218,"column":47},"end":{"line":218,"column":72}},"line":218},"16":{"name":"(anonymous_16)","decl":{"start":{"line":223,"column":30},"end":{"line":223,"column":null}},"loc":{"start":{"line":224,"column":24},"end":{"line":226,"column":null}},"line":224},"17":{"name":"(anonymous_17)","decl":{"start":{"line":229,"column":60},"end":{"line":229,"column":63}},"loc":{"start":{"line":229,"column":63},"end":{"line":229,"column":94}},"line":229}},"branchMap":{"0":{"loc":{"start":{"line":84,"column":16},"end":{"line":84,"column":null}},"type":"binary-expr","locations":[{"start":{"line":84,"column":16},"end":{"line":84,"column":32}},{"start":{"line":84,"column":32},"end":{"line":84,"column":null}}],"line":84},"1":{"loc":{"start":{"line":85,"column":16},"end":{"line":85,"column":null}},"type":"binary-expr","locations":[{"start":{"line":85,"column":16},"end":{"line":85,"column":32}},{"start":{"line":85,"column":32},"end":{"line":85,"column":null}}],"line":85},"2":{"loc":{"start":{"line":86,"column":15},"end":{"line":86,"column":null}},"type":"binary-expr","locations":[{"start":{"line":86,"column":15},"end":{"line":86,"column":30}},{"start":{"line":86,"column":30},"end":{"line":86,"column":null}}],"line":86},"3":{"loc":{"start":{"line":87,"column":16},"end":{"line":87,"column":null}},"type":"binary-expr","locations":[{"start":{"line":87,"column":16},"end":{"line":87,"column":32}},{"start":{"line":87,"column":32},"end":{"line":87,"column":null}}],"line":87},"4":{"loc":{"start":{"line":88,"column":15},"end":{"line":88,"column":null}},"type":"binary-expr","locations":[{"start":{"line":88,"column":15},"end":{"line":88,"column":30}},{"start":{"line":88,"column":30},"end":{"line":88,"column":null}}],"line":88},"5":{"loc":{"start":{"line":92,"column":8},"end":{"line":97,"column":null}},"type":"if","locations":[{"start":{"line":92,"column":8},"end":{"line":97,"column":null}},{"start":{},"end":{}}],"line":92},"6":{"loc":{"start":{"line":94,"column":12},"end":{"line":96,"column":null}},"type":"if","locations":[{"start":{"line":94,"column":12},"end":{"line":96,"column":null}},{"start":{},"end":{}}],"line":94},"7":{"loc":{"start":{"line":100,"column":27},"end":{"line":100,"column":null}},"type":"binary-expr","locations":[{"start":{"line":100,"column":27},"end":{"line":100,"column":42}},{"start":{"line":100,"column":42},"end":{"line":100,"column":58}},{"start":{"line":100,"column":58},"end":{"line":100,"column":null}}],"line":100},"8":{"loc":{"start":{"line":103,"column":8},"end":{"line":103,"column":null}},"type":"if","locations":[{"start":{"line":103,"column":8},"end":{"line":103,"column":null}},{"start":{},"end":{}}],"line":103},"9":{"loc":{"start":{"line":104,"column":8},"end":{"line":104,"column":null}},"type":"if","locations":[{"start":{"line":104,"column":8},"end":{"line":104,"column":null}},{"start":{},"end":{}}],"line":104},"10":{"loc":{"start":{"line":104,"column":12},"end":{"line":104,"column":73}},"type":"binary-expr","locations":[{"start":{"line":104,"column":12},"end":{"line":104,"column":42}},{"start":{"line":104,"column":42},"end":{"line":104,"column":73}}],"line":104},"11":{"loc":{"start":{"line":109,"column":8},"end":{"line":110,"column":null}},"type":"if","locations":[{"start":{"line":109,"column":8},"end":{"line":110,"column":null}},{"start":{"line":110,"column":13},"end":{"line":110,"column":null}}],"line":109},"12":{"loc":{"start":{"line":125,"column":8},"end":{"line":134,"column":null}},"type":"if","locations":[{"start":{"line":125,"column":8},"end":{"line":134,"column":null}},{"start":{"line":132,"column":15},"end":{"line":134,"column":null}}],"line":125},"13":{"loc":{"start":{"line":127,"column":12},"end":{"line":131,"column":null}},"type":"if","locations":[{"start":{"line":127,"column":12},"end":{"line":131,"column":null}},{"start":{"line":129,"column":19},"end":{"line":131,"column":null}}],"line":127},"14":{"loc":{"start":{"line":145,"column":4},"end":{"line":145,"column":null}},"type":"if","locations":[{"start":{"line":145,"column":4},"end":{"line":145,"column":null}},{"start":{},"end":{}}],"line":145},"15":{"loc":{"start":{"line":147,"column":4},"end":{"line":147,"column":null}},"type":"if","locations":[{"start":{"line":147,"column":4},"end":{"line":147,"column":null}},{"start":{},"end":{}}],"line":147},"16":{"loc":{"start":{"line":149,"column":4},"end":{"line":207,"column":null}},"type":"if","locations":[{"start":{"line":149,"column":4},"end":{"line":207,"column":null}},{"start":{},"end":{}}],"line":149},"17":{"loc":{"start":{"line":181,"column":46},"end":{"line":181,"column":null}},"type":"binary-expr","locations":[{"start":{"line":181,"column":46},"end":{"line":181,"column":71}},{"start":{"line":181,"column":71},"end":{"line":181,"column":null}}],"line":181},"18":{"loc":{"start":{"line":184,"column":41},"end":{"line":184,"column":null}},"type":"cond-expr","locations":[{"start":{"line":184,"column":64},"end":{"line":184,"column":90}},{"start":{"line":184,"column":90},"end":{"line":184,"column":null}}],"line":184},"19":{"loc":{"start":{"line":232,"column":21},"end":{"line":232,"column":null}},"type":"binary-expr","locations":[{"start":{"line":232,"column":21},"end":{"line":232,"column":33}},{"start":{"line":232,"column":33},"end":{"line":232,"column":null}}],"line":232}},"s":{"0":1,"1":1,"2":6,"3":6,"4":6,"5":6,"6":6,"7":6,"8":6,"9":6,"10":5,"11":0,"12":0,"13":0,"14":0,"15":6,"16":6,"17":0,"18":0,"19":0,"20":0,"21":0,"22":6,"23":0,"24":0,"25":0,"26":6,"27":0,"28":0,"29":6,"30":0,"31":0,"32":0,"33":0,"34":0,"35":0,"36":0,"37":0,"38":0,"39":6,"40":1,"41":1,"42":1,"43":1,"44":0,"45":6,"46":1,"47":5,"48":5,"49":4,"50":1,"51":16,"52":0,"53":0,"54":0,"55":0,"56":0,"57":3,"58":0,"59":3,"60":0},"f":{"0":6,"1":5,"2":0,"3":0,"4":0,"5":0,"6":0,"7":0,"8":1,"9":16,"10":0,"11":0,"12":0,"13":0,"14":0,"15":0,"16":3,"17":0},"b":{"0":[6,6],"1":[6,3],"2":[6,3],"3":[6,3],"4":[6,6],"5":[0,5],"6":[0,0],"7":[6,3,3],"8":[0,0],"9":[0,0],"10":[0,0],"11":[0,0],"12":[0,0],"13":[0,0],"14":[1,5],"15":[1,4],"16":[1,3],"17":[1,0],"18":[0,1],"19":[3,0]},"meta":{"lastBranch":20,"lastFunction":18,"lastStatement":61,"seen":{"s:7:34:72:Infinity":0,"s:74:17:240:Infinity":1,"f:74:17:74:23":0,"s:75:29:75:Infinity":2,"s:76:88:76:Infinity":3,"s:77:10:77:Infinity":4,"s:79:36:79:Infinity":5,"s:80:32:80:Infinity":6,"s:81:52:81:Infinity":7,"s:83:42:89:Infinity":8,"b:84:16:84:32:84:32:84:Infinity":0,"b:85:16:85:32:85:32:85:Infinity":1,"b:86:15:86:30:86:30:86:Infinity":2,"b:87:16:87:32:87:32:87:Infinity":3,"b:88:15:88:30:88:30:88:Infinity":4,"s:91:4:98:Infinity":9,"f:91:14:91:20":1,"b:92:8:97:Infinity:undefined:undefined:undefined:undefined":5,"s:92:8:97:Infinity":10,"s:93:39:93:Infinity":11,"f:93:63:93:68":2,"s:93:68:93:101":12,"b:94:12:96:Infinity:undefined:undefined:undefined:undefined":6,"s:94:12:96:Infinity":13,"s:95:16:95:Infinity":14,"s:100:27:100:Infinity":15,"b:100:27:100:42:100:42:100:58:100:58:100:Infinity":7,"s:102:24:106:Infinity":16,"f:102:24:102:25":3,"b:103:8:103:Infinity:undefined:undefined:undefined:undefined":8,"s:103:8:103:Infinity":17,"s:103:22:103:Infinity":18,"b:104:8:104:Infinity:undefined:undefined:undefined:undefined":9,"s:104:8:104:Infinity":19,"b:104:12:104:42:104:42:104:73":10,"s:104:73:104:Infinity":20,"s:105:8:105:Infinity":21,"s:108:30:111:Infinity":22,"f:108:30:108:36":4,"b:109:8:110:Infinity:110:13:110:Infinity":11,"s:109:8:110:Infinity":23,"s:109:51:109:Infinity":24,"s:110:13:110:Infinity":25,"s:113:30:116:Infinity":26,"f:113:30:113:31":5,"s:114:8:114:Infinity":27,"s:115:8:115:Infinity":28,"s:117:31:135:Infinity":29,"f:117:31:117:32":6,"s:118:28:118:Infinity":30,"s:119:8:123:Infinity":31,"b:125:8:134:Infinity:132:15:134:Infinity":12,"s:125:8:134:Infinity":32,"s:126:39:126:Infinity":33,"f:126:63:126:68":7,"s:126:68:126:92":34,"b:127:12:131:Infinity:129:19:131:Infinity":13,"s:127:12:131:Infinity":35,"s:128:16:128:Infinity":36,"s:130:16:130:Infinity":37,"s:133:12:133:Infinity":38,"s:137:26:143:Infinity":39,"f:137:26:137:38":8,"s:138:8:142:Infinity":40,"s:139:26:139:Infinity":41,"s:140:12:140:Infinity":42,"s:141:12:141:Infinity":43,"s:142:26:142:53":44,"b:145:4:145:Infinity:undefined:undefined:undefined:undefined":14,"s:145:4:145:Infinity":45,"s:145:15:145:Infinity":46,"b:147:4:147:Infinity:undefined:undefined:undefined:undefined":15,"s:147:4:147:Infinity":47,"s:147:27:147:Infinity":48,"b:149:4:207:Infinity:undefined:undefined:undefined:undefined":16,"s:149:4:207:Infinity":49,"s:150:8:205:Infinity":50,"f:166:60:166:61":9,"s:167:40:169:Infinity":51,"f:178:46:178:49":10,"s:178:49:178:Infinity":52,"b:181:46:181:71:181:71:181:Infinity":17,"b:184:64:184:90:184:90:184:Infinity":18,"f:186:60:186:61":11,"s:187:40:189:Infinity":53,"f:197:156:197:159":12,"s:197:159:197:219":54,"f:198:172:198:175":13,"s:198:175:198:236":55,"f:200:168:200:171":14,"s:200:171:200:231":56,"s:209:4:238:Infinity":57,"f:218:41:218:47":15,"s:218:47:218:72":58,"f:223:30:223:Infinity":16,"s:224:24:226:Infinity":59,"f:229:60:229:63":17,"s:229:63:229:94":60,"b:232:21:232:33:232:33:232:Infinity":19}}}
,"C:\\Users\\matia\\OneDrive\\Escritorio\\Para trabajar\\prueba-fullstack\\src\\pages\\MiPerfil.jsx": {"path":"C:\\Users\\matia\\OneDrive\\Escritorio\\Para trabajar\\prueba-fullstack\\src\\pages\\MiPerfil.jsx","statementMap":{"0":{"start":{"line":5,"column":17},"end":{"line":108,"column":null}},"1":{"start":{"line":6,"column":29},"end":{"line":6,"column":null}},"2":{"start":{"line":7,"column":30},"end":{"line":7,"column":null}},"3":{"start":{"line":9,"column":32},"end":{"line":11,"column":null}},"4":{"start":{"line":13,"column":26},"end":{"line":15,"column":null}},"5":{"start":{"line":17,"column":4},"end":{"line":27,"column":null}},"6":{"start":{"line":18,"column":8},"end":{"line":26,"column":null}},"7":{"start":{"line":19,"column":12},"end":{"line":25,"column":null}},"8":{"start":{"line":29,"column":25},"end":{"line":31,"column":null}},"9":{"start":{"line":30,"column":8},"end":{"line":30,"column":null}},"10":{"start":{"line":33,"column":25},"end":{"line":46,"column":null}},"11":{"start":{"line":34,"column":8},"end":{"line":34,"column":null}},"12":{"start":{"line":35,"column":8},"end":{"line":35,"column":null}},"13":{"start":{"line":37,"column":8},"end":{"line":45,"column":null}},"14":{"start":{"line":38,"column":39},"end":{"line":38,"column":null}},"15":{"start":{"line":40,"column":12},"end":{"line":40,"column":null}},"16":{"start":{"line":42,"column":12},"end":{"line":42,"column":null}},"17":{"start":{"line":44,"column":12},"end":{"line":44,"column":null}},"18":{"start":{"line":48,"column":4},"end":{"line":48,"column":null}},"19":{"start":{"line":48,"column":15},"end":{"line":48,"column":null}},"20":{"start":{"line":50,"column":4},"end":{"line":106,"column":null}},"21":{"start":{"line":68,"column":56},"end":{"line":68,"column":107}}},"fnMap":{"0":{"name":"(anonymous_0)","decl":{"start":{"line":5,"column":17},"end":{"line":5,"column":23}},"loc":{"start":{"line":5,"column":23},"end":{"line":108,"column":null}},"line":5},"1":{"name":"(anonymous_1)","decl":{"start":{"line":17,"column":14},"end":{"line":17,"column":20}},"loc":{"start":{"line":17,"column":20},"end":{"line":27,"column":7}},"line":17},"2":{"name":"(anonymous_2)","decl":{"start":{"line":29,"column":25},"end":{"line":29,"column":26}},"loc":{"start":{"line":29,"column":32},"end":{"line":31,"column":null}},"line":29},"3":{"name":"(anonymous_3)","decl":{"start":{"line":33,"column":25},"end":{"line":33,"column":32}},"loc":{"start":{"line":33,"column":38},"end":{"line":46,"column":null}},"line":33},"4":{"name":"(anonymous_4)","decl":{"start":{"line":68,"column":51},"end":{"line":68,"column":56}},"loc":{"start":{"line":68,"column":56},"end":{"line":68,"column":107}},"line":68}},"branchMap":{"0":{"loc":{"start":{"line":18,"column":8},"end":{"line":26,"column":null}},"type":"if","locations":[{"start":{"line":18,"column":8},"end":{"line":26,"column":null}},{"start":{},"end":{}}],"line":18},"1":{"loc":{"start":{"line":20,"column":24},"end":{"line":20,"column":null}},"type":"binary-expr","locations":[{"start":{"line":20,"column":24},"end":{"line":20,"column":39}},{"start":{"line":20,"column":39},"end":{"line":20,"column":null}}],"line":20},"2":{"loc":{"start":{"line":21,"column":24},"end":{"line":21,"column":null}},"type":"binary-expr","locations":[{"start":{"line":21,"column":24},"end":{"line":21,"column":39}},{"start":{"line":21,"column":39},"end":{"line":21,"column":null}}],"line":21},"3":{"loc":{"start":{"line":22,"column":23},"end":{"line":22,"column":null}},"type":"binary-expr","locations":[{"start":{"line":22,"column":23},"end":{"line":22,"column":37}},{"start":{"line":22,"column":37},"end":{"line":22,"column":null}}],"line":22},"4":{"loc":{"start":{"line":23,"column":24},"end":{"line":23,"column":null}},"type":"binary-expr","locations":[{"start":{"line":23,"column":24},"end":{"line":23,"column":39}},{"start":{"line":23,"column":39},"end":{"line":23,"column":null}}],"line":23},"5":{"loc":{"start":{"line":24,"column":23},"end":{"line":24,"column":null}},"type":"binary-expr","locations":[{"start":{"line":24,"column":23},"end":{"line":24,"column":37}},{"start":{"line":24,"column":37},"end":{"line":24,"column":null}}],"line":24},"6":{"loc":{"start":{"line":48,"column":4},"end":{"line":48,"column":null}},"type":"if","locations":[{"start":{"line":48,"column":4},"end":{"line":48,"column":null}},{"start":{},"end":{}}],"line":48},"7":{"loc":{"start":{"line":94,"column":21},"end":{"line":100,"column":null}},"type":"binary-expr","locations":[{"start":{"line":94,"column":21},"end":{"line":94,"column":null}},{"start":{"line":95,"column":24},"end":{"line":100,"column":null}}],"line":94},"8":{"loc":{"start":{"line":95,"column":49},"end":{"line":95,"column":110}},"type":"cond-expr","locations":[{"start":{"line":95,"column":78},"end":{"line":95,"column":96}},{"start":{"line":95,"column":96},"end":{"line":95,"column":110}}],"line":95},"9":{"loc":{"start":{"line":97,"column":46},"end":{"line":97,"column":null}},"type":"cond-expr","locations":[{"start":{"line":97,"column":75},"end":{"line":97,"column":87}},{"start":{"line":97,"column":87},"end":{"line":97,"column":null}}],"line":97},"10":{"loc":{"start":{"line":98,"column":36},"end":{"line":98,"column":86}},"type":"cond-expr","locations":[{"start":{"line":98,"column":65},"end":{"line":98,"column":77}},{"start":{"line":98,"column":77},"end":{"line":98,"column":86}}],"line":98}},"s":{"0":1,"1":6,"2":6,"3":6,"4":6,"5":6,"6":2,"7":2,"8":6,"9":0,"10":6,"11":1,"12":1,"13":1,"14":1,"15":1,"16":1,"17":0,"18":6,"19":0,"20":6,"21":96},"f":{"0":6,"1":2,"2":0,"3":1,"4":96},"b":{"0":[2,0],"1":[2,1],"2":[2,1],"3":[2,1],"4":[2,1],"5":[2,2],"6":[0,6],"7":[6,2],"8":[1,1],"9":[1,1],"10":[1,1]},"meta":{"lastBranch":11,"lastFunction":5,"lastStatement":22,"seen":{"s:5:17:108:Infinity":0,"f:5:17:5:23":0,"s:6:29:6:Infinity":1,"s:7:30:7:Infinity":2,"s:9:32:11:Infinity":3,"s:13:26:15:Infinity":4,"s:17:4:27:Infinity":5,"f:17:14:17:20":1,"b:18:8:26:Infinity:undefined:undefined:undefined:undefined":0,"s:18:8:26:Infinity":6,"s:19:12:25:Infinity":7,"b:20:24:20:39:20:39:20:Infinity":1,"b:21:24:21:39:21:39:21:Infinity":2,"b:22:23:22:37:22:37:22:Infinity":3,"b:23:24:23:39:23:39:23:Infinity":4,"b:24:23:24:37:24:37:24:Infinity":5,"s:29:25:31:Infinity":8,"f:29:25:29:26":2,"s:30:8:30:Infinity":9,"s:33:25:46:Infinity":10,"f:33:25:33:32":3,"s:34:8:34:Infinity":11,"s:35:8:35:Infinity":12,"s:37:8:45:Infinity":13,"s:38:39:38:Infinity":14,"s:40:12:40:Infinity":15,"s:42:12:42:Infinity":16,"s:44:12:44:Infinity":17,"b:48:4:48:Infinity:undefined:undefined:undefined:undefined":6,"s:48:4:48:Infinity":18,"s:48:15:48:Infinity":19,"s:50:4:106:Infinity":20,"f:68:51:68:56":4,"s:68:56:68:107":21,"b:94:21:94:Infinity:95:24:100:Infinity":7,"b:95:78:95:96:95:96:95:110":8,"b:97:75:97:87:97:87:97:Infinity":9,"b:98:65:98:77:98:77:98:86":10}}}
,"C:\\Users\\matia\\OneDrive\\Escritorio\\Para trabajar\\prueba-fullstack\\src\\pages\\Register.jsx": {"path":"C:\\Users\\matia\\OneDrive\\Escritorio\\Para trabajar\\prueba-fullstack\\src\\pages\\Register.jsx","statementMap":{"0":{"start":{"line":5,"column":17},"end":{"line":123,"column":null}},"1":{"start":{"line":6,"column":10},"end":{"line":6,"column":null}},"2":{"start":{"line":7,"column":32},"end":{"line":11,"column":null}},"3":{"start":{"line":12,"column":28},"end":{"line":12,"column":null}},"4":{"start":{"line":14,"column":32},"end":{"line":14,"column":null}},"5":{"start":{"line":16,"column":26},"end":{"line":16,"column":null}},"6":{"start":{"line":18,"column":23},"end":{"line":33,"column":null}},"7":{"start":{"line":19,"column":22},"end":{"line":19,"column":null}},"8":{"start":{"line":20,"column":8},"end":{"line":20,"column":null}},"9":{"start":{"line":20,"column":30},"end":{"line":20,"column":null}},"10":{"start":{"line":21,"column":23},"end":{"line":21,"column":null}},"11":{"start":{"line":22,"column":19},"end":{"line":22,"column":null}},"12":{"start":{"line":23,"column":8},"end":{"line":23,"column":null}},"13":{"start":{"line":23,"column":38},"end":{"line":23,"column":null}},"14":{"start":{"line":24,"column":19},"end":{"line":24,"column":22}},"15":{"start":{"line":24,"column":33},"end":{"line":24,"column":null}},"16":{"start":{"line":25,"column":8},"end":{"line":29,"column":null}},"17":{"start":{"line":25,"column":21},"end":{"line":25,"column":24}},"18":{"start":{"line":26,"column":26},"end":{"line":26,"column":null}},"19":{"start":{"line":27,"column":12},"end":{"line":27,"column":null}},"20":{"start":{"line":28,"column":12},"end":{"line":28,"column":null}},"21":{"start":{"line":28,"column":32},"end":{"line":28,"column":57}},"22":{"start":{"line":28,"column":66},"end":{"line":28,"column":80}},"23":{"start":{"line":30,"column":27},"end":{"line":30,"column":null}},"24":{"start":{"line":31,"column":27},"end":{"line":31,"column":null}},"25":{"start":{"line":32,"column":8},"end":{"line":32,"column":null}},"26":{"start":{"line":35,"column":25},"end":{"line":35,"column":null}},"27":{"start":{"line":35,"column":36},"end":{"line":35,"column":null}},"28":{"start":{"line":36,"column":32},"end":{"line":41,"column":null}},"29":{"start":{"line":37,"column":27},"end":{"line":37,"column":null}},"30":{"start":{"line":38,"column":8},"end":{"line":38,"column":null}},"31":{"start":{"line":38,"column":67},"end":{"line":38,"column":null}},"32":{"start":{"line":39,"column":8},"end":{"line":39,"column":null}},"33":{"start":{"line":39,"column":70},"end":{"line":39,"column":null}},"34":{"start":{"line":40,"column":8},"end":{"line":40,"column":null}},"35":{"start":{"line":42,"column":29},"end":{"line":42,"column":null}},"36":{"start":{"line":42,"column":37},"end":{"line":42,"column":null}},"37":{"start":{"line":44,"column":25},"end":{"line":50,"column":null}},"38":{"start":{"line":45,"column":47},"end":{"line":45,"column":null}},"39":{"start":{"line":46,"column":22},"end":{"line":46,"column":null}},"40":{"start":{"line":47,"column":8},"end":{"line":47,"column":null}},"41":{"start":{"line":47,"column":79},"end":{"line":47,"column":null}},"42":{"start":{"line":48,"column":8},"end":{"line":48,"column":null}},"43":{"start":{"line":49,"column":8},"end":{"line":49,"column":null}},"44":{"start":{"line":49,"column":26},"end":{"line":49,"column":null}},"45":{"start":{"line":52,"column":27},"end":{"line":80,"column":null}},"46":{"start":{"line":53,"column":8},"end":{"line":53,"column":null}},"47":{"start":{"line":54,"column":8},"end":{"line":54,"column":null}},"48":{"start":{"line":55,"column":26},"end":{"line":55,"column":null}},"49":{"start":{"line":57,"column":8},"end":{"line":57,"column":null}},"50":{"start":{"line":57,"column":37},"end":{"line":57,"column":null}},"51":{"start":{"line":58,"column":8},"end":{"line":59,"column":null}},"52":{"start":{"line":58,"column":34},"end":{"line":58,"column":null}},"53":{"start":{"line":58,"column":50},"end":{"line":59,"column":null}},"54":{"start":{"line":59,"column":44},"end":{"line":59,"column":null}},"55":{"start":{"line":60,"column":8},"end":{"line":61,"column":null}},"56":{"start":{"line":60,"column":39},"end":{"line":60,"column":null}},"57":{"start":{"line":60,"column":60},"end":{"line":61,"column":null}},"58":{"start":{"line":61,"column":58},"end":{"line":61,"column":null}},"59":{"start":{"line":62,"column":8},"end":{"line":63,"column":null}},"60":{"start":{"line":62,"column":36},"end":{"line":62,"column":null}},"61":{"start":{"line":62,"column":54},"end":{"line":63,"column":null}},"62":{"start":{"line":63,"column":48},"end":{"line":63,"column":null}},"63":{"start":{"line":64,"column":8},"end":{"line":64,"column":null}},"64":{"start":{"line":64,"column":50},"end":{"line":64,"column":null}},"65":{"start":{"line":65,"column":8},"end":{"line":65,"column":null}},"66":{"start":{"line":65,"column":60},"end":{"line":65,"column":null}},"67":{"start":{"line":66,"column":8},"end":{"line":66,"column":null}},"68":{"start":{"line":66,"column":32},"end":{"line":66,"column":null}},"69":{"start":{"line":68,"column":8},"end":{"line":71,"column":null}},"70":{"start":{"line":69,"column":12},"end":{"line":69,"column":null}},"71":{"start":{"line":70,"column":12},"end":{"line":70,"column":null}},"72":{"start":{"line":73,"column":8},"end":{"line":79,"column":null}},"73":{"start":{"line":74,"column":12},"end":{"line":74,"column":null}},"74":{"start":{"line":75,"column":12},"end":{"line":75,"column":null}},"75":{"start":{"line":76,"column":12},"end":{"line":76,"column":null}},"76":{"start":{"line":76,"column":29},"end":{"line":76,"column":49}},"77":{"start":{"line":78,"column":12},"end":{"line":78,"column":null}},"78":{"start":{"line":82,"column":4},"end":{"line":121,"column":null}}},"fnMap":{"0":{"name":"(anonymous_0)","decl":{"start":{"line":5,"column":17},"end":{"line":5,"column":23}},"loc":{"start":{"line":5,"column":23},"end":{"line":123,"column":null}},"line":5},"1":{"name":"(anonymous_1)","decl":{"start":{"line":18,"column":23},"end":{"line":18,"column":24}},"loc":{"start":{"line":18,"column":32},"end":{"line":33,"column":null}},"line":18},"2":{"name":"(anonymous_2)","decl":{"start":{"line":35,"column":25},"end":{"line":35,"column":26}},"loc":{"start":{"line":35,"column":36},"end":{"line":35,"column":null}},"line":35},"3":{"name":"(anonymous_3)","decl":{"start":{"line":36,"column":32},"end":{"line":36,"column":33}},"loc":{"start":{"line":36,"column":43},"end":{"line":41,"column":null}},"line":36},"4":{"name":"(anonymous_4)","decl":{"start":{"line":42,"column":29},"end":{"line":42,"column":30}},"loc":{"start":{"line":42,"column":37},"end":{"line":42,"column":null}},"line":42},"5":{"name":"(anonymous_5)","decl":{"start":{"line":44,"column":25},"end":{"line":44,"column":26}},"loc":{"start":{"line":44,"column":32},"end":{"line":50,"column":null}},"line":44},"6":{"name":"(anonymous_6)","decl":{"start":{"line":52,"column":27},"end":{"line":52,"column":34}},"loc":{"start":{"line":52,"column":40},"end":{"line":80,"column":null}},"line":52},"7":{"name":"(anonymous_7)","decl":{"start":{"line":76,"column":23},"end":{"line":76,"column":29}},"loc":{"start":{"line":76,"column":29},"end":{"line":76,"column":49}},"line":76}},"branchMap":{"0":{"loc":{"start":{"line":20,"column":8},"end":{"line":20,"column":null}},"type":"if","locations":[{"start":{"line":20,"column":8},"end":{"line":20,"column":null}},{"start":{},"end":{}}],"line":20},"1":{"loc":{"start":{"line":23,"column":8},"end":{"line":23,"column":null}},"type":"if","locations":[{"start":{"line":23,"column":8},"end":{"line":23,"column":null}},{"start":{},"end":{}}],"line":23},"2":{"loc":{"start":{"line":28,"column":12},"end":{"line":28,"column":null}},"type":"if","locations":[{"start":{"line":28,"column":12},"end":{"line":28,"column":null}},{"start":{"line":28,"column":64},"end":{"line":28,"column":null}}],"line":28},"3":{"loc":{"start":{"line":31,"column":27},"end":{"line":31,"column":null}},"type":"cond-expr","locations":[{"start":{"line":31,"column":48},"end":{"line":31,"column":55}},{"start":{"line":31,"column":55},"end":{"line":31,"column":null}}],"line":31},"4":{"loc":{"start":{"line":31,"column":55},"end":{"line":31,"column":null}},"type":"cond-expr","locations":[{"start":{"line":31,"column":76},"end":{"line":31,"column":82}},{"start":{"line":31,"column":82},"end":{"line":31,"column":null}}],"line":31},"5":{"loc":{"start":{"line":38,"column":8},"end":{"line":38,"column":null}},"type":"if","locations":[{"start":{"line":38,"column":8},"end":{"line":38,"column":null}},{"start":{},"end":{}}],"line":38},"6":{"loc":{"start":{"line":38,"column":12},"end":{"line":38,"column":67}},"type":"binary-expr","locations":[{"start":{"line":38,"column":12},"end":{"line":38,"column":39}},{"start":{"line":38,"column":39},"end":{"line":38,"column":67}}],"line":38},"7":{"loc":{"start":{"line":39,"column":8},"end":{"line":39,"column":null}},"type":"if","locations":[{"start":{"line":39,"column":8},"end":{"line":39,"column":null}},{"start":{},"end":{}}],"line":39},"8":{"loc":{"start":{"line":39,"column":12},"end":{"line":39,"column":70}},"type":"binary-expr","locations":[{"start":{"line":39,"column":12},"end":{"line":39,"column":40}},{"start":{"line":39,"column":40},"end":{"line":39,"column":70}}],"line":39},"9":{"loc":{"start":{"line":42,"column":37},"end":{"line":42,"column":null}},"type":"binary-expr","locations":[{"start":{"line":42,"column":37},"end":{"line":42,"column":57}},{"start":{"line":42,"column":57},"end":{"line":42,"column":77}},{"start":{"line":42,"column":77},"end":{"line":42,"column":102}},{"start":{"line":42,"column":102},"end":{"line":42,"column":null}}],"line":42},"10":{"loc":{"start":{"line":46,"column":22},"end":{"line":46,"column":null}},"type":"cond-expr","locations":[{"start":{"line":46,"column":44},"end":{"line":46,"column":54}},{"start":{"line":46,"column":54},"end":{"line":46,"column":null}}],"line":46},"11":{"loc":{"start":{"line":47,"column":8},"end":{"line":47,"column":null}},"type":"if","locations":[{"start":{"line":47,"column":8},"end":{"line":47,"column":null}},{"start":{},"end":{}}],"line":47},"12":{"loc":{"start":{"line":47,"column":12},"end":{"line":47,"column":79}},"type":"binary-expr","locations":[{"start":{"line":47,"column":12},"end":{"line":47,"column":35}},{"start":{"line":47,"column":35},"end":{"line":47,"column":51}},{"start":{"line":47,"column":51},"end":{"line":47,"column":79}}],"line":47},"13":{"loc":{"start":{"line":49,"column":8},"end":{"line":49,"column":null}},"type":"if","locations":[{"start":{"line":49,"column":8},"end":{"line":49,"column":null}},{"start":{},"end":{}}],"line":49},"14":{"loc":{"start":{"line":57,"column":8},"end":{"line":57,"column":null}},"type":"if","locations":[{"start":{"line":57,"column":8},"end":{"line":57,"column":null}},{"start":{},"end":{}}],"line":57},"15":{"loc":{"start":{"line":58,"column":8},"end":{"line":59,"column":null}},"type":"if","locations":[{"start":{"line":58,"column":8},"end":{"line":59,"column":null}},{"start":{"line":58,"column":50},"end":{"line":59,"column":null}}],"line":58},"16":{"loc":{"start":{"line":58,"column":50},"end":{"line":59,"column":null}},"type":"if","locations":[{"start":{"line":58,"column":50},"end":{"line":59,"column":null}},{"start":{},"end":{}}],"line":58},"17":{"loc":{"start":{"line":60,"column":8},"end":{"line":61,"column":null}},"type":"if","locations":[{"start":{"line":60,"column":8},"end":{"line":61,"column":null}},{"start":{"line":60,"column":60},"end":{"line":61,"column":null}}],"line":60},"18":{"loc":{"start":{"line":60,"column":60},"end":{"line":61,"column":null}},"type":"if","locations":[{"start":{"line":60,"column":60},"end":{"line":61,"column":null}},{"start":{},"end":{}}],"line":60},"19":{"loc":{"start":{"line":62,"column":8},"end":{"line":63,"column":null}},"type":"if","locations":[{"start":{"line":62,"column":8},"end":{"line":63,"column":null}},{"start":{"line":62,"column":54},"end":{"line":63,"column":null}}],"line":62},"20":{"loc":{"start":{"line":62,"column":54},"end":{"line":63,"column":null}},"type":"if","locations":[{"start":{"line":62,"column":54},"end":{"line":63,"column":null}},{"start":{},"end":{}}],"line":62},"21":{"loc":{"start":{"line":64,"column":8},"end":{"line":64,"column":null}},"type":"if","locations":[{"start":{"line":64,"column":8},"end":{"line":64,"column":null}},{"start":{},"end":{}}],"line":64},"22":{"loc":{"start":{"line":65,"column":8},"end":{"line":65,"column":null}},"type":"if","locations":[{"start":{"line":65,"column":8},"end":{"line":65,"column":null}},{"start":{},"end":{}}],"line":65},"23":{"loc":{"start":{"line":66,"column":8},"end":{"line":66,"column":null}},"type":"if","locations":[{"start":{"line":66,"column":8},"end":{"line":66,"column":null}},{"start":{},"end":{}}],"line":66},"24":{"loc":{"start":{"line":68,"column":8},"end":{"line":71,"column":null}},"type":"if","locations":[{"start":{"line":68,"column":8},"end":{"line":71,"column":null}},{"start":{},"end":{}}],"line":68},"25":{"loc":{"start":{"line":91,"column":21},"end":{"line":94,"column":null}},"type":"binary-expr","locations":[{"start":{"line":91,"column":21},"end":{"line":91,"column":null}},{"start":{"line":92,"column":24},"end":{"line":94,"column":null}}],"line":91},"26":{"loc":{"start":{"line":92,"column":60},"end":{"line":92,"column":123}},"type":"cond-expr","locations":[{"start":{"line":92,"column":90},"end":{"line":92,"column":109}},{"start":{"line":92,"column":109},"end":{"line":92,"column":123}}],"line":92},"27":{"loc":{"start":{"line":98,"column":228},"end":{"line":98,"column":264}},"type":"cond-expr","locations":[{"start":{"line":98,"column":244},"end":{"line":98,"column":260}},{"start":{"line":98,"column":260},"end":{"line":98,"column":264}}],"line":98},"28":{"loc":{"start":{"line":98,"column":273},"end":{"line":98,"column":341}},"type":"binary-expr","locations":[{"start":{"line":98,"column":273},"end":{"line":98,"column":290}},{"start":{"line":98,"column":290},"end":{"line":98,"column":341}}],"line":98},"29":{"loc":{"start":{"line":102,"column":210},"end":{"line":102,"column":243}},"type":"cond-expr","locations":[{"start":{"line":102,"column":223},"end":{"line":102,"column":239}},{"start":{"line":102,"column":239},"end":{"line":102,"column":243}}],"line":102},"30":{"loc":{"start":{"line":102,"column":252},"end":{"line":102,"column":314}},"type":"binary-expr","locations":[{"start":{"line":102,"column":252},"end":{"line":102,"column":266}},{"start":{"line":102,"column":266},"end":{"line":102,"column":314}}],"line":102},"31":{"loc":{"start":{"line":103,"column":229},"end":{"line":103,"column":267}},"type":"cond-expr","locations":[{"start":{"line":103,"column":247},"end":{"line":103,"column":263}},{"start":{"line":103,"column":263},"end":{"line":103,"column":267}}],"line":103},"32":{"loc":{"start":{"line":103,"column":276},"end":{"line":103,"column":348}},"type":"binary-expr","locations":[{"start":{"line":103,"column":276},"end":{"line":103,"column":295}},{"start":{"line":103,"column":295},"end":{"line":103,"column":348}}],"line":103},"33":{"loc":{"start":{"line":105,"column":225},"end":{"line":105,"column":260}},"type":"cond-expr","locations":[{"start":{"line":105,"column":240},"end":{"line":105,"column":256}},{"start":{"line":105,"column":256},"end":{"line":105,"column":260}}],"line":105},"34":{"loc":{"start":{"line":105,"column":269},"end":{"line":105,"column":335}},"type":"binary-expr","locations":[{"start":{"line":105,"column":269},"end":{"line":105,"column":285}},{"start":{"line":105,"column":285},"end":{"line":105,"column":335}}],"line":105},"35":{"loc":{"start":{"line":107,"column":235},"end":{"line":107,"column":273}},"type":"cond-expr","locations":[{"start":{"line":107,"column":253},"end":{"line":107,"column":269}},{"start":{"line":107,"column":269},"end":{"line":107,"column":273}}],"line":107},"36":{"loc":{"start":{"line":107,"column":282},"end":{"line":107,"column":354}},"type":"binary-expr","locations":[{"start":{"line":107,"column":282},"end":{"line":107,"column":301}},{"start":{"line":107,"column":301},"end":{"line":107,"column":354}}],"line":107},"37":{"loc":{"start":{"line":108,"column":241},"end":{"line":108,"column":286}},"type":"cond-expr","locations":[{"start":{"line":108,"column":266},"end":{"line":108,"column":282}},{"start":{"line":108,"column":282},"end":{"line":108,"column":286}}],"line":108},"38":{"loc":{"start":{"line":108,"column":295},"end":{"line":108,"column":381}},"type":"binary-expr","locations":[{"start":{"line":108,"column":295},"end":{"line":108,"column":321}},{"start":{"line":108,"column":321},"end":{"line":108,"column":381}}],"line":108},"39":{"loc":{"start":{"line":115,"column":25},"end":{"line":115,"column":null}},"type":"binary-expr","locations":[{"start":{"line":115,"column":25},"end":{"line":115,"column":44}},{"start":{"line":115,"column":44},"end":{"line":115,"column":null}}],"line":115}},"s":{"0":1,"1":22,"2":22,"3":22,"4":22,"5":22,"6":22,"7":1,"8":1,"9":0,"10":1,"11":1,"12":1,"13":0,"14":1,"15":1,"16":1,"17":1,"18":8,"19":8,"20":8,"21":7,"22":1,"23":1,"24":1,"25":1,"26":22,"27":2,"28":22,"29":1,"30":1,"31":1,"32":0,"33":0,"34":0,"35":22,"36":3,"37":22,"38":14,"39":14,"40":14,"41":0,"42":14,"43":14,"44":0,"45":22,"46":3,"47":3,"48":3,"49":3,"50":0,"51":3,"52":2,"53":1,"54":0,"55":3,"56":2,"57":1,"58":0,"59":3,"60":1,"61":2,"62":1,"63":3,"64":1,"65":3,"66":1,"67":3,"68":2,"69":3,"70":2,"71":2,"72":1,"73":1,"74":1,"75":1,"76":0,"77":0,"78":22},"f":{"0":22,"1":1,"2":2,"3":1,"4":3,"5":14,"6":3,"7":0},"b":{"0":[0,1],"1":[0,1],"2":[7,1],"3":[0,1],"4":[0,1],"5":[1,0],"6":[1,1],"7":[0,0],"8":[0,0],"9":[3,2,2,2],"10":[1,13],"11":[0,14],"12":[14,1,1],"13":[0,14],"14":[0,3],"15":[2,1],"16":[0,1],"17":[2,1],"18":[0,1],"19":[1,2],"20":[1,1],"21":[1,2],"22":[1,2],"23":[2,1],"24":[2,1],"25":[22,1],"26":[1,0],"27":[0,22],"28":[22,0],"29":[2,20],"30":[22,2],"31":[2,20],"32":[22,2],"33":[2,20],"34":[22,2],"35":[1,21],"36":[22,1],"37":[1,21],"38":[22,1],"39":[22,2]},"meta":{"lastBranch":40,"lastFunction":8,"lastStatement":79,"seen":{"s:5:17:123:Infinity":0,"f:5:17:5:23":0,"s:6:10:6:Infinity":1,"s:7:32:11:Infinity":2,"s:12:28:12:Infinity":3,"s:14:32:14:Infinity":4,"s:16:26:16:Infinity":5,"s:18:23:33:Infinity":6,"f:18:23:18:24":1,"s:19:22:19:Infinity":7,"b:20:8:20:Infinity:undefined:undefined:undefined:undefined":0,"s:20:8:20:Infinity":8,"s:20:30:20:Infinity":9,"s:21:23:21:Infinity":10,"s:22:19:22:Infinity":11,"b:23:8:23:Infinity:undefined:undefined:undefined:undefined":1,"s:23:8:23:Infinity":12,"s:23:38:23:Infinity":13,"s:24:19:24:22":14,"s:24:33:24:Infinity":15,"s:25:8:29:Infinity":16,"s:25:21:25:24":17,"s:26:26:26:Infinity":18,"s:27:12:27:Infinity":19,"b:28:12:28:Infinity:28:64:28:Infinity":2,"s:28:12:28:Infinity":20,"s:28:32:28:57":21,"s:28:66:28:80":22,"s:30:27:30:Infinity":23,"s:31:27:31:Infinity":24,"b:31:48:31:55:31:55:31:Infinity":3,"b:31:76:31:82:31:82:31:Infinity":4,"s:32:8:32:Infinity":25,"s:35:25:35:Infinity":26,"f:35:25:35:26":2,"s:35:36:35:Infinity":27,"s:36:32:41:Infinity":28,"f:36:32:36:33":3,"s:37:27:37:Infinity":29,"b:38:8:38:Infinity:undefined:undefined:undefined:undefined":5,"s:38:8:38:Infinity":30,"b:38:12:38:39:38:39:38:67":6,"s:38:67:38:Infinity":31,"b:39:8:39:Infinity:undefined:undefined:undefined:undefined":7,"s:39:8:39:Infinity":32,"b:39:12:39:40:39:40:39:70":8,"s:39:70:39:Infinity":33,"s:40:8:40:Infinity":34,"s:42:29:42:Infinity":35,"f:42:29:42:30":4,"s:42:37:42:Infinity":36,"b:42:37:42:57:42:57:42:77:42:77:42:102:42:102:42:Infinity":9,"s:44:25:50:Infinity":37,"f:44:25:44:26":5,"s:45:47:45:Infinity":38,"s:46:22:46:Infinity":39,"b:46:44:46:54:46:54:46:Infinity":10,"b:47:8:47:Infinity:undefined:undefined:undefined:undefined":11,"s:47:8:47:Infinity":40,"b:47:12:47:35:47:35:47:51:47:51:47:79":12,"s:47:79:47:Infinity":41,"s:48:8:48:Infinity":42,"b:49:8:49:Infinity:undefined:undefined:undefined:undefined":13,"s:49:8:49:Infinity":43,"s:49:26:49:Infinity":44,"s:52:27:80:Infinity":45,"f:52:27:52:34":6,"s:53:8:53:Infinity":46,"s:54:8:54:Infinity":47,"s:55:26:55:Infinity":48,"b:57:8:57:Infinity:undefined:undefined:undefined:undefined":14,"s:57:8:57:Infinity":49,"s:57:37:57:Infinity":50,"b:58:8:59:Infinity:58:50:59:Infinity":15,"s:58:8:59:Infinity":51,"s:58:34:58:Infinity":52,"b:58:50:59:Infinity:undefined:undefined:undefined:undefined":16,"s:58:50:59:Infinity":53,"s:59:44:59:Infinity":54,"b:60:8:61:Infinity:60:60:61:Infinity":17,"s:60:8:61:Infinity":55,"s:60:39:60:Infinity":56,"b:60:60:61:Infinity:undefined:undefined:undefined:undefined":18,"s:60:60:61:Infinity":57,"s:61:58:61:Infinity":58,"b:62:8:63:Infinity:62:54:63:Infinity":19,"s:62:8:63:Infinity":59,"s:62:36:62:Infinity":60,"b:62:54:63:Infinity:undefined:undefined:undefined:undefined":20,"s:62:54:63:Infinity":61,"s:63:48:63:Infinity":62,"b:64:8:64:Infinity:undefined:undefined:undefined:undefined":21,"s:64:8:64:Infinity":63,"s:64:50:64:Infinity":64,"b:65:8:65:Infinity:undefined:undefined:undefined:undefined":22,"s:65:8:65:Infinity":65,"s:65:60:65:Infinity":66,"b:66:8:66:Infinity:undefined:undefined:undefined:undefined":23,"s:66:8:66:Infinity":67,"s:66:32:66:Infinity":68,"b:68:8:71:Infinity:undefined:undefined:undefined:undefined":24,"s:68:8:71:Infinity":69,"s:69:12:69:Infinity":70,"s:70:12:70:Infinity":71,"s:73:8:79:Infinity":72,"s:74:12:74:Infinity":73,"s:75:12:75:Infinity":74,"s:76:12:76:Infinity":75,"f:76:23:76:29":7,"s:76:29:76:49":76,"s:78:12:78:Infinity":77,"s:82:4:121:Infinity":78,"b:91:21:91:Infinity:92:24:94:Infinity":25,"b:92:90:92:109:92:109:92:123":26,"b:98:244:98:260:98:260:98:264":27,"b:98:273:98:290:98:290:98:341":28,"b:102:223:102:239:102:239:102:243":29,"b:102:252:102:266:102:266:102:314":30,"b:103:247:103:263:103:263:103:267":31,"b:103:276:103:295:103:295:103:348":32,"b:105:240:105:256:105:256:105:260":33,"b:105:269:105:285:105:285:105:335":34,"b:107:253:107:269:107:269:107:273":35,"b:107:282:107:301:107:301:107:354":36,"b:108:266:108:282:108:282:108:286":37,"b:108:295:108:321:108:321:108:381":38,"b:115:25:115:44:115:44:115:Infinity":39}}}
}
